,2021-01-25 14:17:16.482676,==================================================================,NUMBER OF TICKS: 4767 |NUMBER OF BARS: 7,==================================================================,MOST RECENT DATA
                          Mid   Returns  Direction
time                                              
2021-01-25 21:16:30  32950.00  0.000029          1
2021-01-25 21:16:45  32881.16 -0.002091         -1
2021-01-25 21:17:00  32840.25 -0.001245         -1
2021-01-25 21:17:15  32876.22  0.001095          1
2021-01-25 21:17:30  32875.01 -0.000037         -1,==================================================================,features: [[ 1  1 -1 -1  1]]
position:  0
signal:    1,,2021-01-25 14:23:31.616132,==================================================================,NUMBER OF TICKS: 5202 |NUMBER OF BARS: 7,==================================================================,MOST RECENT DATA
                          Mid   Returns  Direction
time                                              
2021-01-25 21:22:45  32634.60  0.001061          1
2021-01-25 21:23:00  32668.08  0.001025          1
2021-01-25 21:23:15  32700.00  0.000977          1
2021-01-25 21:23:30  32744.63  0.001364          1
2021-01-25 21:23:45  32738.46 -0.000188         -1,==================================================================,features: [[1 1 1 1 1]]
position:  0
signal:    1,,2021-01-25 14:23:31.796143,==================================================================,,Going LONG,,,[],,,****END OF CYCLE****,,2021-01-25 14:23:46.513984,==================================================================,NUMBER OF TICKS: 5938 |NUMBER OF BARS: 8,==================================================================,MOST RECENT DATA
                          Mid   Returns  Direction
time                                              
2021-01-25 21:23:00  32668.08  0.001025          1
2021-01-25 21:23:15  32700.00  0.000977          1
2021-01-25 21:23:30  32744.63  0.001364          1
2021-01-25 21:23:45  32674.63 -0.002140         -1
2021-01-25 21:24:00  32674.68  0.000002          1,==================================================================,features: [[ 1  1  1  1 -1]]
position:  1
signal:    1,,2021-01-25 14:23:46.525985,==================================================================,no trade placed,,****END OF CYCLE****,,2021-01-25 14:24:01.376834,==================================================================,NUMBER OF TICKS: 6642 |NUMBER OF BARS: 9,==================================================================,MOST RECENT DATA
                          Mid   Returns  Direction
time                                              
2021-01-25 21:23:15  32700.00  0.000977          1
2021-01-25 21:23:30  32744.63  0.001364          1
2021-01-25 21:23:45  32674.63 -0.002140         -1
2021-01-25 21:24:00  32675.42  0.000024          1
2021-01-25 21:24:15  32671.44 -0.000122         -1,==================================================================,features: [[ 1  1  1 -1  1]]
position:  1
signal:    1,,2021-01-25 14:24:01.391835,==================================================================,no trade placed,,****END OF CYCLE****,,2021-01-25 14:24:17.902780,==================================================================,NUMBER OF TICKS: 7386 |NUMBER OF BARS: 10,==================================================================,MOST RECENT DATA
                          Mid   Returns  Direction
time                                              
2021-01-25 21:23:30  32744.63  0.001364          1
2021-01-25 21:23:45  32674.63 -0.002140         -1
2021-01-25 21:24:00  32675.42  0.000024          1
2021-01-25 21:24:15  32639.08 -0.001113         -1
2021-01-25 21:24:30  32646.95  0.000241          1,==================================================================,features: [[ 1  1 -1  1 -1]]
position:  1
signal:    1,,2021-01-25 14:24:17.914780,==================================================================,no trade placed,,****END OF CYCLE****,,2021-01-25 14:24:31.448554,==================================================================,NUMBER OF TICKS: 7951 |NUMBER OF BARS: 11,==================================================================,MOST RECENT DATA
                          Mid   Returns  Direction
time                                              
2021-01-25 21:23:45  32674.63 -0.002140         -1
2021-01-25 21:24:00  32675.42  0.000024          1
2021-01-25 21:24:15  32639.08 -0.001113         -1
2021-01-25 21:24:30  32685.30  0.001415          1
2021-01-25 21:24:45  32681.67 -0.000111         -1,==================================================================,features: [[ 1 -1  1 -1  1]]
position:  1
signal:    1,,2021-01-25 14:24:31.461555,==================================================================,no trade placed,,****END OF CYCLE****,,2021-01-25 14:24:46.456413,==================================================================,NUMBER OF TICKS: 8545 |NUMBER OF BARS: 12,==================================================================,MOST RECENT DATA
                          Mid   Returns  Direction
time                                              
2021-01-25 21:24:00  32675.42  0.000024          1
2021-01-25 21:24:15  32639.08 -0.001113         -1
2021-01-25 21:24:30  32685.30  0.001415          1
2021-01-25 21:24:45  32700.00  0.000450          1
2021-01-25 21:25:00  32703.31  0.000101          1,==================================================================,features: [[-1  1 -1  1  1]]
position:  1
signal:    -1,,2021-01-25 14:24:46.626423,==================================================================,,Going SHORT,,,[],,,****END OF CYCLE****,,2021-01-25 14:25:01.444270,==================================================================,NUMBER OF TICKS: 9115 |NUMBER OF BARS: 13,==================================================================,MOST RECENT DATA
                          Mid   Returns  Direction
time                                              
2021-01-25 21:24:15  32639.08 -0.001113         -1
2021-01-25 21:24:30  32685.30  0.001415          1
2021-01-25 21:24:45  32700.00  0.000450          1
2021-01-25 21:25:00  32688.97 -0.000337         -1
2021-01-25 21:25:15  32666.02 -0.000702         -1,==================================================================,features: [[ 1 -1  1  1 -1]]
position:  -1
signal:    1,,2021-01-25 14:25:01.602279,==================================================================,,Going LONG,,,[],,,****END OF CYCLE****,,2021-01-25 14:25:17.074164,==================================================================,NUMBER OF TICKS: 9673 |NUMBER OF BARS: 14,==================================================================,MOST RECENT DATA
                          Mid   Returns  Direction
time                                              
2021-01-25 21:24:30  32685.30  0.001415          1
2021-01-25 21:24:45  32700.00  0.000450          1
2021-01-25 21:25:00  32688.97 -0.000337         -1
2021-01-25 21:25:15  32691.86  0.000088          1
2021-01-25 21:25:30  32680.24 -0.000356         -1,==================================================================,features: [[-1  1  1 -1  1]]
position:  1
signal:    -1,,2021-01-25 14:25:17.223173,==================================================================,,Going SHORT,,,[],,,****END OF CYCLE****,,2021-01-25 14:25:31.519990,==================================================================,NUMBER OF TICKS: 10168 |NUMBER OF BARS: 15,==================================================================,MOST RECENT DATA
                          Mid   Returns  Direction
time                                              
2021-01-25 21:24:45  32700.00  0.000450          1
2021-01-25 21:25:00  32688.97 -0.000337         -1
2021-01-25 21:25:15  32691.86  0.000088          1
2021-01-25 21:25:30  32668.12 -0.000726         -1
2021-01-25 21:25:45  32655.40 -0.000389         -1,==================================================================,features: [[ 1  1 -1  1 -1]]
position:  -1
signal:    1,,2021-01-25 14:25:31.686000,==================================================================,,Going LONG,,,[],,,****END OF CYCLE****,,2021-01-25 14:25:46.778863,==================================================================,NUMBER OF TICKS: 10675 |NUMBER OF BARS: 16,==================================================================,MOST RECENT DATA
                          Mid   Returns  Direction
time                                              
2021-01-25 21:25:00  32688.97 -0.000337         -1
2021-01-25 21:25:15  32691.86  0.000088          1
2021-01-25 21:25:30  32668.12 -0.000726         -1
2021-01-25 21:25:45  32632.33 -0.001096         -1
2021-01-25 21:26:00  32630.01 -0.000071         -1,==================================================================,features: [[ 1 -1  1 -1 -1]]
position:  1
signal:    1,,2021-01-25 14:25:46.789864,==================================================================,no trade placed,,****END OF CYCLE****,,2021-01-25 14:26:03.371812,==================================================================,NUMBER OF TICKS: 11179 |NUMBER OF BARS: 17,==================================================================,MOST RECENT DATA
                          Mid   Returns  Direction
time                                              
2021-01-25 21:25:15  32691.86  0.000088          1
2021-01-25 21:25:30  32668.12 -0.000726         -1
2021-01-25 21:25:45  32632.33 -0.001096         -1
2021-01-25 21:26:00  32632.40  0.000002          1
2021-01-25 21:26:15  32620.00 -0.000380         -1,==================================================================,features: [[-1  1 -1 -1  1]]
position:  1
signal:    -1,,2021-01-25 14:26:03.522821,==================================================================,,Going SHORT,,,[],,,****END OF CYCLE****,,2021-01-25 14:26:16.431559,==================================================================,NUMBER OF TICKS: 11554 |NUMBER OF BARS: 18,==================================================================,MOST RECENT DATA
                          Mid   Returns  Direction
time                                              
2021-01-25 21:25:30  32668.12 -0.000726         -1
2021-01-25 21:25:45  32632.33 -0.001096         -1
2021-01-25 21:26:00  32632.40  0.000002          1
2021-01-25 21:26:15  32583.30 -0.001506         -1
2021-01-25 21:26:30  32583.30  0.000000         -1,==================================================================,features: [[ 1 -1 -1  1 -1]]
position:  -1
signal:    1,,2021-01-25 14:26:16.593568,==================================================================,,Going LONG,,,[],,,****END OF CYCLE****,,2021-01-25 14:26:31.485420,==================================================================,NUMBER OF TICKS: 12021 |NUMBER OF BARS: 19,==================================================================,MOST RECENT DATA
                          Mid   Returns  Direction
time                                              
2021-01-25 21:25:45  32632.33 -0.001096         -1
2021-01-25 21:26:00  32632.40  0.000002          1
2021-01-25 21:26:15  32583.30 -0.001506         -1
2021-01-25 21:26:30  32583.90  0.000018          1
2021-01-25 21:26:45  32587.96  0.000125          1,==================================================================,features: [[-1 -1  1 -1  1]]
position:  1
signal:    -1,,2021-01-25 14:26:31.643429,==================================================================,,Going SHORT,,,[],,,****END OF CYCLE****,,2021-01-25 14:26:47.400330,==================================================================,NUMBER OF TICKS: 12512 |NUMBER OF BARS: 20,==================================================================,MOST RECENT DATA
                         Mid   Returns  Direction
time                                             
2021-01-25 21:26:00  32632.4  0.000002          1
2021-01-25 21:26:15  32583.3 -0.001506         -1
2021-01-25 21:26:30  32583.9  0.000018          1
2021-01-25 21:26:45  32600.0  0.000494          1
2021-01-25 21:27:00  32600.0  0.000000         -1,==================================================================,features: [[-1  1 -1  1  1]]
position:  -1
signal:    -1,,2021-01-25 14:26:47.412331,==================================================================,no trade placed,,****END OF CYCLE****,,2021-01-25 14:27:02.037168,==================================================================,NUMBER OF TICKS: 12954 |NUMBER OF BARS: 21,==================================================================,MOST RECENT DATA
                          Mid       Returns  Direction
time                                                  
2021-01-25 21:26:15  32583.30 -1.505773e-03         -1
2021-01-25 21:26:30  32583.90  1.841417e-05          1
2021-01-25 21:26:45  32600.00  4.939870e-04          1
2021-01-25 21:27:00  32585.64 -4.405878e-04         -1
2021-01-25 21:27:15  32585.65  3.068836e-07          1,==================================================================,features: [[ 1 -1  1  1 -1]]
position:  -1
signal:    1,,2021-01-25 14:27:02.200177,==================================================================,,Going LONG,,,[],,,****END OF CYCLE****,,2021-01-25 14:27:16.505995,==================================================================,NUMBER OF TICKS: 13312 |NUMBER OF BARS: 22,==================================================================,MOST RECENT DATA
                          Mid   Returns  Direction
time                                              
2021-01-25 21:26:30  32583.90  0.000018          1
2021-01-25 21:26:45  32600.00  0.000494          1
2021-01-25 21:27:00  32585.64 -0.000441         -1
2021-01-25 21:27:15  32578.40 -0.000222         -1
2021-01-25 21:27:30  32574.51 -0.000119         -1,==================================================================,features: [[-1  1  1 -1 -1]]
position:  1
signal:    -1,,2021-01-25 14:27:16.662004,==================================================================,,Going SHORT,,,[],,,****END OF CYCLE****,,2021-01-25 14:27:31.504853,==================================================================,NUMBER OF TICKS: 13713 |NUMBER OF BARS: 23,==================================================================,MOST RECENT DATA
                          Mid   Returns  Direction
time                                              
2021-01-25 21:26:45  32600.00  0.000494          1
2021-01-25 21:27:00  32585.64 -0.000441         -1
2021-01-25 21:27:15  32578.40 -0.000222         -1
2021-01-25 21:27:30  32579.18  0.000024          1
2021-01-25 21:27:45  32579.55  0.000011          1,==================================================================,features: [[ 1  1 -1 -1  1]]
position:  -1
signal:    1,,2021-01-25 14:27:31.650861,==================================================================,,Going LONG,,,[],,,****END OF CYCLE****,,2021-01-25 14:27:47.015740,==================================================================,NUMBER OF TICKS: 14140 |NUMBER OF BARS: 24,==================================================================,MOST RECENT DATA
                          Mid   Returns  Direction
time                                              
2021-01-25 21:27:00  32585.64 -0.000441         -1
2021-01-25 21:27:15  32578.40 -0.000222         -1
2021-01-25 21:27:30  32579.18  0.000024          1
2021-01-25 21:27:45  32561.91 -0.000530         -1
2021-01-25 21:28:00  32559.52 -0.000073         -1,==================================================================,features: [[ 1 -1 -1  1 -1]]
position:  1
signal:    1,,2021-01-25 14:27:47.026741,==================================================================,no trade placed,,****END OF CYCLE****,,2021-01-25 14:28:01.585574,==================================================================,NUMBER OF TICKS: 14537 |NUMBER OF BARS: 25,==================================================================,MOST RECENT DATA
                          Mid   Returns  Direction
time                                              
2021-01-25 21:27:15  32578.40 -0.000222         -1
2021-01-25 21:27:30  32579.18  0.000024          1
2021-01-25 21:27:45  32561.91 -0.000530         -1
2021-01-25 21:28:00  32522.52 -0.001210         -1
2021-01-25 21:28:15  32522.52  0.000000         -1,==================================================================,features: [[-1 -1  1 -1 -1]]
position:  1
signal:    -1,,2021-01-25 14:28:02.043600,==================================================================,,Going SHORT,,,[],,,****END OF CYCLE****,,2021-01-25 14:28:16.485426,==================================================================,NUMBER OF TICKS: 14930 |NUMBER OF BARS: 26,==================================================================,MOST RECENT DATA
                          Mid   Returns  Direction
time                                              
2021-01-25 21:27:30  32579.18  0.000024          1
2021-01-25 21:27:45  32561.91 -0.000530         -1
2021-01-25 21:28:00  32522.52 -0.001210         -1
2021-01-25 21:28:15  32577.78  0.001698          1
2021-01-25 21:28:30  32561.34 -0.000505         -1,==================================================================,features: [[-1  1 -1 -1  1]]
position:  -1
signal:    -1,,2021-01-25 14:28:16.496426,==================================================================,no trade placed,,****END OF CYCLE****,,2021-01-25 14:28:32.064317,==================================================================,NUMBER OF TICKS: 15341 |NUMBER OF BARS: 27,==================================================================,MOST RECENT DATA
                          Mid   Returns  Direction
time                                              
2021-01-25 21:27:45  32561.91 -0.000530         -1
2021-01-25 21:28:00  32522.52 -0.001210         -1
2021-01-25 21:28:15  32577.78  0.001698          1
2021-01-25 21:28:30  32533.64 -0.001356         -1
2021-01-25 21:28:45  32539.29  0.000174          1,==================================================================,features: [[ 1 -1 -1  1 -1]]
position:  -1
signal:    1,,2021-01-25 14:28:32.227326,==================================================================,,Going LONG,,,[],,,****END OF CYCLE****,,2021-01-25 14:28:46.844162,==================================================================,NUMBER OF TICKS: 15719 |NUMBER OF BARS: 28,==================================================================,MOST RECENT DATA
                          Mid   Returns  Direction
time                                              
2021-01-25 21:28:00  32522.52 -0.001210         -1
2021-01-25 21:28:15  32577.78  0.001698          1
2021-01-25 21:28:30  32533.64 -0.001356         -1
2021-01-25 21:28:45  32542.06  0.000259          1
2021-01-25 21:29:00  32542.06  0.000000         -1,==================================================================,features: [[-1 -1  1 -1  1]]
position:  1
signal:    -1,,2021-01-25 14:28:47.008172,==================================================================,,Going SHORT,,,[],,,****END OF CYCLE****,,2021-01-25 14:29:02.077033,==================================================================,NUMBER OF TICKS: 16091 |NUMBER OF BARS: 29,==================================================================,MOST RECENT DATA
                          Mid   Returns  Direction
time                                              
2021-01-25 21:28:15  32577.78  0.001698          1
2021-01-25 21:28:30  32533.64 -0.001356         -1
2021-01-25 21:28:45  32542.06  0.000259          1
2021-01-25 21:29:00  32566.30  0.000745          1
2021-01-25 21:29:15  32568.89  0.000080          1,==================================================================,features: [[-1  1 -1  1  1]]
position:  -1
signal:    -1,,2021-01-25 14:29:02.090034,==================================================================,no trade placed,,****END OF CYCLE****,,2021-01-25 14:29:16.466857,==================================================================,NUMBER OF TICKS: 16444 |NUMBER OF BARS: 30,==================================================================,MOST RECENT DATA
                          Mid   Returns  Direction
time                                              
2021-01-25 21:28:30  32533.64 -0.001356         -1
2021-01-25 21:28:45  32542.06  0.000259          1
2021-01-25 21:29:00  32566.30  0.000745          1
2021-01-25 21:29:15  32611.00  0.001372          1
2021-01-25 21:29:30  32622.82  0.000362          1,==================================================================,features: [[ 1 -1  1  1  1]]
position:  -1
signal:    1,,2021-01-25 14:29:16.618865,==================================================================,,Going LONG,,,[],,,****END OF CYCLE****,,2021-01-25 14:29:31.839736,==================================================================,NUMBER OF TICKS: 16815 |NUMBER OF BARS: 31,==================================================================,MOST RECENT DATA
                          Mid   Returns  Direction
time                                              
2021-01-25 21:28:45  32542.06  0.000259          1
2021-01-25 21:29:00  32566.30  0.000745          1
2021-01-25 21:29:15  32611.00  0.001372          1
2021-01-25 21:29:30  32643.14  0.000985          1
2021-01-25 21:29:45  32639.30 -0.000118         -1,==================================================================,features: [[-1  1  1  1  1]]
position:  1
signal:    -1,,2021-01-25 14:29:32.390767,==================================================================,,Going SHORT,,,[],,,****END OF CYCLE****,,2021-01-25 14:29:46.952600,==================================================================,NUMBER OF TICKS: 17165 |NUMBER OF BARS: 32,==================================================================,MOST RECENT DATA
                          Mid   Returns  Direction
time                                              
2021-01-25 21:29:00  32566.30  0.000745          1
2021-01-25 21:29:15  32611.00  0.001372          1
2021-01-25 21:29:30  32643.14  0.000985          1
2021-01-25 21:29:45  32644.25  0.000034          1
2021-01-25 21:30:00  32640.04 -0.000129         -1,==================================================================,features: [[1 1 1 1 1]]
position:  -1
signal:    1,,2021-01-25 14:29:47.173613,==================================================================,,Going LONG,,,[],,,****END OF CYCLE****,,2021-01-25 14:30:02.567493,==================================================================,NUMBER OF TICKS: 17525 |NUMBER OF BARS: 33,==================================================================,MOST RECENT DATA
                          Mid   Returns  Direction
time                                              
2021-01-25 21:29:15  32611.00  0.001372          1
2021-01-25 21:29:30  32643.14  0.000985          1
2021-01-25 21:29:45  32644.25  0.000034          1
2021-01-25 21:30:00  32639.02 -0.000160         -1
2021-01-25 21:30:15  32640.35  0.000041          1,==================================================================,features: [[ 1  1  1  1 -1]]
position:  1
signal:    1,,2021-01-25 14:30:02.578494,==================================================================,no trade placed,,****END OF CYCLE****,,2021-01-25 14:30:17.225332,==================================================================,NUMBER OF TICKS: 17861 |NUMBER OF BARS: 34,==================================================================,MOST RECENT DATA
                          Mid   Returns  Direction
time                                              
2021-01-25 21:29:30  32643.14  0.000985          1
2021-01-25 21:29:45  32644.25  0.000034          1
2021-01-25 21:30:00  32639.02 -0.000160         -1
2021-01-25 21:30:15  32547.74 -0.002801         -1
2021-01-25 21:30:30  32546.31 -0.000044         -1,==================================================================,features: [[ 1  1  1 -1 -1]]
position:  1
signal:    1,,2021-01-25 14:30:17.236332,==================================================================,no trade placed,,****END OF CYCLE****,,2021-01-25 14:30:31.471147,==================================================================,NUMBER OF TICKS: 18179 |NUMBER OF BARS: 35,==================================================================,MOST RECENT DATA
                          Mid   Returns  Direction
time                                              
2021-01-25 21:29:45  32644.25  0.000034          1
2021-01-25 21:30:00  32639.02 -0.000160         -1
2021-01-25 21:30:15  32547.74 -0.002801         -1
2021-01-25 21:30:30  32537.77 -0.000306         -1
2021-01-25 21:30:45  32543.22  0.000167          1,==================================================================,features: [[ 1  1 -1 -1 -1]]
position:  1
signal:    1,,2021-01-25 14:30:31.484147,==================================================================,no trade placed,,****END OF CYCLE****,,2021-01-25 14:30:46.530008,==================================================================,NUMBER OF TICKS: 18498 |NUMBER OF BARS: 36,==================================================================,MOST RECENT DATA
                          Mid   Returns  Direction
time                                              
2021-01-25 21:30:00  32639.02 -0.000160         -1
2021-01-25 21:30:15  32547.74 -0.002801         -1
2021-01-25 21:30:30  32537.77 -0.000306         -1
2021-01-25 21:30:45  32461.84 -0.002336         -1
2021-01-25 21:31:00  32456.00 -0.000180         -1,==================================================================,features: [[ 1 -1 -1 -1 -1]]
position:  1
signal:    1,,2021-01-25 14:30:46.542009,==================================================================,no trade placed,,****END OF CYCLE****,,2021-01-25 14:31:01.624871,==================================================================,NUMBER OF TICKS: 18811 |NUMBER OF BARS: 37,==================================================================,MOST RECENT DATA
                          Mid   Returns  Direction
time                                              
2021-01-25 21:30:15  32547.74 -0.002801         -1
2021-01-25 21:30:30  32537.77 -0.000306         -1
2021-01-25 21:30:45  32461.84 -0.002336         -1
2021-01-25 21:31:00  32450.62 -0.000346         -1
2021-01-25 21:31:15  32450.62  0.000000         -1,==================================================================,features: [[-1 -1 -1 -1 -1]]
position:  1
signal:    -1,,2021-01-25 14:31:01.791881,==================================================================,,Going SHORT,,,[],,,****END OF CYCLE****,,2021-01-25 14:31:16.425718,==================================================================,NUMBER OF TICKS: 19112 |NUMBER OF BARS: 38,==================================================================,MOST RECENT DATA
                          Mid   Returns  Direction
time                                              
2021-01-25 21:30:30  32537.77 -0.000306         -1
2021-01-25 21:30:45  32461.84 -0.002336         -1
2021-01-25 21:31:00  32450.62 -0.000346         -1
2021-01-25 21:31:15  32293.01 -0.004869         -1
2021-01-25 21:31:30  32293.01  0.000000         -1,==================================================================,features: [[-1 -1 -1 -1 -1]]
position:  -1
signal:    -1,,2021-01-25 14:31:16.437718,==================================================================,no trade placed,,****END OF CYCLE****,,2021-01-25 14:31:31.810598,==================================================================,NUMBER OF TICKS: 19429 |NUMBER OF BARS: 39,==================================================================,MOST RECENT DATA
                          Mid   Returns  Direction
time                                              
2021-01-25 21:30:45  32461.84 -0.002336         -1
2021-01-25 21:31:00  32450.62 -0.000346         -1
2021-01-25 21:31:15  32293.01 -0.004869         -1
2021-01-25 21:31:30  32327.24  0.001059          1
2021-01-25 21:31:45  32315.96 -0.000349         -1,==================================================================,features: [[-1 -1 -1 -1  1]]
position:  -1
signal:    -1,,2021-01-25 14:31:31.822598,==================================================================,no trade placed,,****END OF CYCLE****,,2021-01-25 14:31:46.459436,==================================================================,NUMBER OF TICKS: 19722 |NUMBER OF BARS: 40,==================================================================,MOST RECENT DATA
                          Mid   Returns  Direction
time                                              
2021-01-25 21:31:00  32450.62 -0.000346         -1
2021-01-25 21:31:15  32293.01 -0.004869         -1
2021-01-25 21:31:30  32327.24  0.001059          1
2021-01-25 21:31:45  32365.13  0.001171          1
2021-01-25 21:32:00  32365.13  0.000000         -1,==================================================================,features: [[-1 -1 -1  1  1]]
position:  -1
signal:    -1,,2021-01-25 14:31:46.474436,==================================================================,no trade placed,,****END OF CYCLE****,,2021-01-25 14:32:01.514297,==================================================================,NUMBER OF TICKS: 20014 |NUMBER OF BARS: 41,==================================================================,MOST RECENT DATA
                          Mid   Returns  Direction
time                                              
2021-01-25 21:31:15  32293.01 -0.004869         -1
2021-01-25 21:31:30  32327.24  0.001059          1
2021-01-25 21:31:45  32365.13  0.001171          1
2021-01-25 21:32:00  32229.00 -0.004215         -1
2021-01-25 21:32:15  32229.00  0.000000         -1,==================================================================,features: [[-1 -1  1  1 -1]]
position:  -1
signal:    -1,,2021-01-25 14:32:01.528298,==================================================================,no trade placed,,****END OF CYCLE****,,2021-01-25 14:32:16.801171,==================================================================,NUMBER OF TICKS: 20307 |NUMBER OF BARS: 42,==================================================================,MOST RECENT DATA
                          Mid   Returns  Direction
time                                              
2021-01-25 21:31:30  32327.24  0.001059          1
2021-01-25 21:31:45  32365.13  0.001171          1
2021-01-25 21:32:00  32229.00 -0.004215         -1
2021-01-25 21:32:15  32257.00  0.000868          1
2021-01-25 21:32:30  32257.00  0.000000         -1,==================================================================,features: [[-1  1  1 -1  1]]
position:  -1
signal:    -1,,2021-01-25 14:32:16.813172,==================================================================,no trade placed,,****END OF CYCLE****,,2021-01-25 14:32:31.797029,==================================================================,NUMBER OF TICKS: 20586 |NUMBER OF BARS: 43,==================================================================,MOST RECENT DATA
                          Mid   Returns  Direction
time                                              
2021-01-25 21:31:45  32365.13  0.001171          1
2021-01-25 21:32:00  32229.00 -0.004215         -1
2021-01-25 21:32:15  32257.00  0.000868          1
2021-01-25 21:32:30  32285.48  0.000883          1
2021-01-25 21:32:45  32285.48  0.000000         -1,==================================================================,features: [[ 1  1 -1  1  1]]
position:  -1
signal:    1,,2021-01-25 14:32:31.961038,==================================================================,,Going LONG,,,[],,,****END OF CYCLE****,,2021-01-25 14:32:47.411922,==================================================================,NUMBER OF TICKS: 20873 |NUMBER OF BARS: 44,==================================================================,MOST RECENT DATA
                          Mid   Returns  Direction
time                                              
2021-01-25 21:32:00  32229.00 -0.004215         -1
2021-01-25 21:32:15  32257.00  0.000868          1
2021-01-25 21:32:30  32285.48  0.000883          1
2021-01-25 21:32:45  32316.23  0.000952          1
2021-01-25 21:33:00  32311.38 -0.000150         -1,==================================================================,features: [[ 1 -1  1  1  1]]
position:  1
signal:    1,,2021-01-25 14:32:47.423923,==================================================================,no trade placed,,****END OF CYCLE****,,2021-01-25 14:33:02.176766,==================================================================,NUMBER OF TICKS: 21144 |NUMBER OF BARS: 45,==================================================================,MOST RECENT DATA
                          Mid   Returns  Direction
time                                              
2021-01-25 21:32:15  32257.00  0.000868          1
2021-01-25 21:32:30  32285.48  0.000883          1
2021-01-25 21:32:45  32316.23  0.000952          1
2021-01-25 21:33:00  32316.89  0.000020          1
2021-01-25 21:33:15  32310.96 -0.000184         -1,==================================================================,features: [[-1  1  1  1  1]]
position:  1
signal:    -1,,2021-01-25 14:33:02.320775,==================================================================,,Going SHORT,,,[],,,****END OF CYCLE****,,2021-01-25 14:33:16.523587,==================================================================,NUMBER OF TICKS: 21410 |NUMBER OF BARS: 46,==================================================================,MOST RECENT DATA
                          Mid   Returns  Direction
time                                              
2021-01-25 21:32:30  32285.48  0.000883          1
2021-01-25 21:32:45  32316.23  0.000952          1
2021-01-25 21:33:00  32316.89  0.000020          1
2021-01-25 21:33:15  32356.02  0.001210          1
2021-01-25 21:33:30  32358.38  0.000073          1,==================================================================,features: [[1 1 1 1 1]]
position:  -1
signal:    1,,2021-01-25 14:33:16.692597,==================================================================,,Going LONG,,,[],,,****END OF CYCLE****,,2021-01-25 14:33:32.604507,==================================================================,NUMBER OF TICKS: 21701 |NUMBER OF BARS: 47,==================================================================,MOST RECENT DATA
                          Mid   Returns  Direction
time                                              
2021-01-25 21:32:45  32316.23  0.000952          1
2021-01-25 21:33:00  32316.89  0.000020          1
2021-01-25 21:33:15  32356.02  0.001210          1
2021-01-25 21:33:30  32373.20  0.000531          1
2021-01-25 21:33:45  32369.02 -0.000129         -1,==================================================================,features: [[1 1 1 1 1]]
position:  1
signal:    1,,2021-01-25 14:33:32.615507,==================================================================,no trade placed,,****END OF CYCLE****,,2021-01-25 14:33:47.097336,==================================================================,NUMBER OF TICKS: 21957 |NUMBER OF BARS: 48,==================================================================,MOST RECENT DATA
                          Mid   Returns  Direction
time                                              
2021-01-25 21:33:00  32316.89  0.000020          1
2021-01-25 21:33:15  32356.02  0.001210          1
2021-01-25 21:33:30  32373.20  0.000531          1
2021-01-25 21:33:45  32355.53 -0.000546         -1
2021-01-25 21:34:00  32357.93  0.000074          1,==================================================================,features: [[ 1  1  1  1 -1]]
position:  1
signal:    1,,2021-01-25 14:33:47.116337,==================================================================,no trade placed,,****END OF CYCLE****,,2021-01-25 14:34:02.284204,==================================================================,NUMBER OF TICKS: 22219 |NUMBER OF BARS: 49,==================================================================,MOST RECENT DATA
                          Mid   Returns  Direction
time                                              
2021-01-25 21:33:15  32356.02  0.001210          1
2021-01-25 21:33:30  32373.20  0.000531          1
2021-01-25 21:33:45  32355.53 -0.000546         -1
2021-01-25 21:34:00  32318.28 -0.001152         -1
2021-01-25 21:34:15  32336.83  0.000574          1,==================================================================,features: [[ 1  1  1 -1 -1]]
position:  1
signal:    1,,2021-01-25 14:34:02.296205,==================================================================,no trade placed,,****END OF CYCLE****,,2021-01-25 14:34:16.471016,==================================================================,NUMBER OF TICKS: 22468 |NUMBER OF BARS: 50,==================================================================,MOST RECENT DATA
                          Mid   Returns  Direction
time                                              
2021-01-25 21:33:30  32373.20  0.000531          1
2021-01-25 21:33:45  32355.53 -0.000546         -1
2021-01-25 21:34:00  32318.28 -0.001152         -1
2021-01-25 21:34:15  32350.00  0.000981          1
2021-01-25 21:34:30  32350.00  0.000000         -1,==================================================================,features: [[ 1  1 -1 -1  1]]
position:  1
signal:    1,,2021-01-25 14:34:16.483016,==================================================================,no trade placed,,****END OF CYCLE****,,2021-01-25 14:34:32.954959,==================================================================,NUMBER OF TICKS: 22754 |NUMBER OF BARS: 51,==================================================================,MOST RECENT DATA
                          Mid   Returns  Direction
time                                              
2021-01-25 21:33:45  32355.53 -0.000546         -1
2021-01-25 21:34:00  32318.28 -0.001152         -1
2021-01-25 21:34:15  32350.00  0.000981          1
2021-01-25 21:34:30  32374.96  0.000771          1
2021-01-25 21:34:45  32364.14 -0.000334         -1,==================================================================,features: [[ 1 -1 -1  1  1]]
position:  1
signal:    1,,2021-01-25 14:34:32.966959,==================================================================,no trade placed,,****END OF CYCLE****,,2021-01-25 14:34:46.878755,==================================================================,NUMBER OF TICKS: 22994 |NUMBER OF BARS: 52,==================================================================,MOST RECENT DATA
                          Mid   Returns  Direction
time                                              
2021-01-25 21:34:00  32318.28 -0.001152         -1
2021-01-25 21:34:15  32350.00  0.000981          1
2021-01-25 21:34:30  32374.96  0.000771          1
2021-01-25 21:34:45  32340.10 -0.001077         -1
2021-01-25 21:35:00  32338.17 -0.000060         -1,==================================================================,features: [[-1 -1  1  1 -1]]
position:  1
signal:    -1,,2021-01-25 14:34:47.036764,==================================================================,,Going SHORT,,,[],,,****END OF CYCLE****,,2021-01-25 14:35:01.544594,==================================================================,NUMBER OF TICKS: 23240 |NUMBER OF BARS: 53,==================================================================,MOST RECENT DATA
                          Mid   Returns  Direction
time                                              
2021-01-25 21:34:15  32350.00  0.000981          1
2021-01-25 21:34:30  32374.96  0.000771          1
2021-01-25 21:34:45  32340.10 -0.001077         -1
2021-01-25 21:35:00  32355.32  0.000471          1
2021-01-25 21:35:15  32348.84 -0.000200         -1,==================================================================,features: [[-1  1  1 -1  1]]
position:  -1
signal:    -1,,2021-01-25 14:35:01.556595,==================================================================,no trade placed,,****END OF CYCLE****,,2021-01-25 14:35:16.407444,==================================================================,NUMBER OF TICKS: 23491 |NUMBER OF BARS: 54,==================================================================,MOST RECENT DATA
                          Mid   Returns  Direction
time                                              
2021-01-25 21:34:30  32374.96  0.000771          1
2021-01-25 21:34:45  32340.10 -0.001077         -1
2021-01-25 21:35:00  32355.32  0.000471          1
2021-01-25 21:35:15  32378.65  0.000721          1
2021-01-25 21:35:30  32378.17 -0.000015         -1,==================================================================,features: [[ 1  1 -1  1  1]]
position:  -1
signal:    1,,2021-01-25 14:35:16.570453,==================================================================,,Going LONG,,,[],,,****END OF CYCLE****,,2021-01-25 14:35:31.568311,==================================================================,NUMBER OF TICKS: 23739 |NUMBER OF BARS: 55,==================================================================,MOST RECENT DATA
                          Mid   Returns  Direction
time                                              
2021-01-25 21:34:45  32340.10 -0.001077         -1
2021-01-25 21:35:00  32355.32  0.000471          1
2021-01-25 21:35:15  32378.65  0.000721          1
2021-01-25 21:35:30  32358.65 -0.000618         -1
2021-01-25 21:35:45  32358.58 -0.000002         -1,==================================================================,features: [[ 1 -1  1  1 -1]]
position:  1
signal:    1,,2021-01-25 14:35:31.581312,==================================================================,no trade placed,,****END OF CYCLE****,,2021-01-25 14:35:46.621172,==================================================================,NUMBER OF TICKS: 23985 |NUMBER OF BARS: 56,==================================================================,MOST RECENT DATA
                          Mid   Returns  Direction
time                                              
2021-01-25 21:35:00  32355.32  0.000471          1
2021-01-25 21:35:15  32378.65  0.000721          1
2021-01-25 21:35:30  32358.65 -0.000618         -1
2021-01-25 21:35:45  32340.01 -0.000576         -1
2021-01-25 21:36:00  32335.89 -0.000127         -1,==================================================================,features: [[-1  1  1 -1 -1]]
position:  1
signal:    -1,,2021-01-25 14:35:46.797182,==================================================================,,Going SHORT,,,[],,,****END OF CYCLE****,,2021-01-25 14:36:02.000052,==================================================================,NUMBER OF TICKS: 24232 |NUMBER OF BARS: 57,==================================================================,MOST RECENT DATA
                          Mid   Returns  Direction
time                                              
2021-01-25 21:35:15  32378.65  0.000721          1
2021-01-25 21:35:30  32358.65 -0.000618         -1
2021-01-25 21:35:45  32340.01 -0.000576         -1
2021-01-25 21:36:00  32317.79 -0.000687         -1
2021-01-25 21:36:15  32293.27 -0.000759         -1,==================================================================,features: [[ 1  1 -1 -1 -1]]
position:  -1
signal:    1,,2021-01-25 14:36:02.155061,==================================================================,,Going LONG,,,[],,,****END OF CYCLE****,,2021-01-25 14:36:16.770897,==================================================================,NUMBER OF TICKS: 24463 |NUMBER OF BARS: 58,==================================================================,MOST RECENT DATA
                          Mid   Returns  Direction
time                                              
2021-01-25 21:35:30  32358.65 -0.000618         -1
2021-01-25 21:35:45  32340.01 -0.000576         -1
2021-01-25 21:36:00  32317.79 -0.000687         -1
2021-01-25 21:36:15  32228.43 -0.002769         -1
2021-01-25 21:36:30  32230.94  0.000078          1,==================================================================,features: [[ 1 -1 -1 -1 -1]]
position:  1
signal:    1,,2021-01-25 14:36:16.782897,==================================================================,no trade placed,,****END OF CYCLE****,,2021-01-25 14:36:31.628746,==================================================================,NUMBER OF TICKS: 24698 |NUMBER OF BARS: 59,==================================================================,MOST RECENT DATA
                          Mid   Returns  Direction
time                                              
2021-01-25 21:35:45  32340.01 -0.000576         -1
2021-01-25 21:36:00  32317.79 -0.000687         -1
2021-01-25 21:36:15  32228.43 -0.002769         -1
2021-01-25 21:36:30  32192.87 -0.001104         -1
2021-01-25 21:36:45  32191.70 -0.000036         -1,==================================================================,features: [[-1 -1 -1 -1 -1]]
position:  1
signal:    -1,,2021-01-25 14:36:31.786755,==================================================================,,Going SHORT,,,[],,,****END OF CYCLE****,,2021-01-25 14:36:46.704609,==================================================================,NUMBER OF TICKS: 24933 |NUMBER OF BARS: 60,==================================================================,MOST RECENT DATA
                          Mid   Returns  Direction
time                                              
2021-01-25 21:36:00  32317.79 -0.000687         -1
2021-01-25 21:36:15  32228.43 -0.002769         -1
2021-01-25 21:36:30  32192.87 -0.001104         -1
2021-01-25 21:36:45  32207.92  0.000467          1
2021-01-25 21:37:00  32206.09 -0.000057         -1,==================================================================,features: [[-1 -1 -1 -1  1]]
position:  -1
signal:    -1,,2021-01-25 14:36:46.717609,==================================================================,no trade placed,,****END OF CYCLE****,,2021-01-25 14:37:03.497569,==================================================================,NUMBER OF TICKS: 25194 |NUMBER OF BARS: 61,==================================================================,MOST RECENT DATA
                          Mid   Returns  Direction
time                                              
2021-01-25 21:36:15  32228.43 -0.002769         -1
2021-01-25 21:36:30  32192.87 -0.001104         -1
2021-01-25 21:36:45  32207.92  0.000467          1
2021-01-25 21:37:00  32172.20 -0.001110         -1
2021-01-25 21:37:15  32170.04 -0.000067         -1,==================================================================,features: [[-1 -1 -1  1 -1]]
position:  -1
signal:    -1,,2021-01-25 14:37:03.508570,==================================================================,no trade placed,,****END OF CYCLE****,,2021-01-25 14:37:16.474311,==================================================================,NUMBER OF TICKS: 25392 |NUMBER OF BARS: 62,==================================================================,MOST RECENT DATA
                          Mid   Returns  Direction
time                                              
2021-01-25 21:36:30  32192.87 -0.001104         -1
2021-01-25 21:36:45  32207.92  0.000467          1
2021-01-25 21:37:00  32172.20 -0.001110         -1
2021-01-25 21:37:15  32299.81  0.003959          1
2021-01-25 21:37:30  32300.00  0.000006          1,==================================================================,features: [[-1 -1  1 -1  1]]
position:  -1
signal:    -1,,2021-01-25 14:37:16.486312,==================================================================,no trade placed,,****END OF CYCLE****,,2021-01-25 14:37:31.656180,==================================================================,NUMBER OF TICKS: 25597 |NUMBER OF BARS: 63,==================================================================,MOST RECENT DATA
                          Mid   Returns  Direction
time                                              
2021-01-25 21:36:45  32207.92  0.000467          1
2021-01-25 21:37:00  32172.20 -0.001110         -1
2021-01-25 21:37:15  32299.81  0.003959          1
2021-01-25 21:37:30  32334.52  0.001074          1
2021-01-25 21:37:45  32337.16  0.000082          1,==================================================================,features: [[-1  1 -1  1  1]]
position:  -1
signal:    -1,,2021-01-25 14:37:31.674181,==================================================================,no trade placed,,****END OF CYCLE****,,2021-01-25 14:37:47.754101,==================================================================,NUMBER OF TICKS: 25830 |NUMBER OF BARS: 64,==================================================================,MOST RECENT DATA
                          Mid   Returns  Direction
time                                              
2021-01-25 21:37:00  32172.20 -0.001110         -1
2021-01-25 21:37:15  32299.81  0.003959          1
2021-01-25 21:37:30  32334.52  0.001074          1
2021-01-25 21:37:45  32247.40 -0.002698         -1
2021-01-25 21:38:00  32253.74  0.000197          1,==================================================================,features: [[ 1 -1  1  1 -1]]
position:  -1
signal:    1,,2021-01-25 14:37:47.943111,==================================================================,,Going LONG,,,[],,,****END OF CYCLE****,,2021-01-25 14:38:02.131923,==================================================================,NUMBER OF TICKS: 26041 |NUMBER OF BARS: 65,==================================================================,MOST RECENT DATA
                          Mid   Returns  Direction
time                                              
2021-01-25 21:37:15  32299.81  0.003959          1
2021-01-25 21:37:30  32334.52  0.001074          1
2021-01-25 21:37:45  32247.40 -0.002698         -1
2021-01-25 21:38:00  32308.76  0.001901          1
2021-01-25 21:38:15  32307.13 -0.000050         -1,==================================================================,features: [[-1  1  1 -1  1]]
position:  1
signal:    -1,,2021-01-25 14:38:02.287932,==================================================================,,Going SHORT,,,[],,,****END OF CYCLE****,,2021-01-25 14:38:16.501745,==================================================================,NUMBER OF TICKS: 26241 |NUMBER OF BARS: 66,==================================================================,MOST RECENT DATA
                          Mid   Returns  Direction
time                                              
2021-01-25 21:37:30  32334.52  0.001074          1
2021-01-25 21:37:45  32247.40 -0.002698         -1
2021-01-25 21:38:00  32308.76  0.001901          1
2021-01-25 21:38:15  32307.91 -0.000026         -1
2021-01-25 21:38:30  32307.91  0.000000         -1,==================================================================,features: [[ 1  1 -1  1 -1]]
position:  -1
signal:    1,,2021-01-25 14:38:16.656754,==================================================================,,Going LONG,,,[],,,****END OF CYCLE****,,2021-01-25 14:38:31.634610,==================================================================,NUMBER OF TICKS: 26460 |NUMBER OF BARS: 67,==================================================================,MOST RECENT DATA
                          Mid   Returns  Direction
time                                              
2021-01-25 21:37:45  32247.40 -0.002698         -1
2021-01-25 21:38:00  32308.76  0.001901          1
2021-01-25 21:38:15  32307.91 -0.000026         -1
2021-01-25 21:38:30  32288.01 -0.000616         -1
2021-01-25 21:38:45  32288.01  0.000000         -1,==================================================================,features: [[ 1 -1  1 -1 -1]]
position:  1
signal:    1,,2021-01-25 14:38:31.646611,==================================================================,no trade placed,,****END OF CYCLE****,,2021-01-25 14:38:47.133497,==================================================================,NUMBER OF TICKS: 26687 |NUMBER OF BARS: 68,==================================================================,MOST RECENT DATA
                          Mid   Returns  Direction
time                                              
2021-01-25 21:38:00  32308.76  0.001901          1
2021-01-25 21:38:15  32307.91 -0.000026         -1
2021-01-25 21:38:30  32288.01 -0.000616         -1
2021-01-25 21:38:45  32313.59  0.000792          1
2021-01-25 21:39:00  32315.52  0.000060          1,==================================================================,features: [[-1  1 -1 -1  1]]
position:  1
signal:    -1,,2021-01-25 14:38:47.283505,==================================================================,,Going SHORT,,,[],,,****END OF CYCLE****,,2021-01-25 14:39:01.828337,==================================================================,NUMBER OF TICKS: 26898 |NUMBER OF BARS: 69,==================================================================,MOST RECENT DATA
                          Mid       Returns  Direction
time                                                  
2021-01-25 21:38:15  32307.91 -2.630900e-05         -1
2021-01-25 21:38:30  32288.01 -6.161380e-04         -1
2021-01-25 21:38:45  32313.59  7.919309e-04          1
2021-01-25 21:39:00  32349.99  1.125827e-03          1
2021-01-25 21:39:15  32350.00  3.091191e-07          1,==================================================================,features: [[ 1 -1 -1  1  1]]
position:  -1
signal:    1,,2021-01-25 14:39:01.988346,==================================================================,,Going LONG,,,[],,,****END OF CYCLE****,,2021-01-25 14:39:16.778192,==================================================================,NUMBER OF TICKS: 27108 |NUMBER OF BARS: 70,==================================================================,MOST RECENT DATA
                          Mid   Returns  Direction
time                                              
2021-01-25 21:38:30  32288.01 -0.000616         -1
2021-01-25 21:38:45  32313.59  0.000792          1
2021-01-25 21:39:00  32349.99  0.001126          1
2021-01-25 21:39:15  32378.56  0.000883          1
2021-01-25 21:39:30  32380.00  0.000044          1,==================================================================,features: [[-1 -1  1  1  1]]
position:  1
signal:    -1,,2021-01-25 14:39:16.920201,==================================================================,,Going SHORT,,,[],,,****END OF CYCLE****,,2021-01-25 14:39:31.490034,==================================================================,NUMBER OF TICKS: 27316 |NUMBER OF BARS: 71,==================================================================,MOST RECENT DATA
                          Mid   Returns  Direction
time                                              
2021-01-25 21:38:45  32313.59  0.000792          1
2021-01-25 21:39:00  32349.99  0.001126          1
2021-01-25 21:39:15  32378.56  0.000883          1
2021-01-25 21:39:30  32406.58  0.000865          1
2021-01-25 21:39:45  32404.14 -0.000075         -1,==================================================================,features: [[-1  1  1  1  1]]
position:  -1
signal:    -1,,2021-01-25 14:39:31.502035,==================================================================,no trade placed,,****END OF CYCLE****,,2021-01-25 14:39:46.910916,==================================================================,NUMBER OF TICKS: 27534 |NUMBER OF BARS: 72,==================================================================,MOST RECENT DATA
                          Mid   Returns  Direction
time                                              
2021-01-25 21:39:00  32349.99  0.001126          1
2021-01-25 21:39:15  32378.56  0.000883          1
2021-01-25 21:39:30  32406.58  0.000865          1
2021-01-25 21:39:45  32360.75 -0.001415         -1
2021-01-25 21:40:00  32356.58 -0.000129         -1,==================================================================,features: [[ 1  1  1  1 -1]]
position:  -1
signal:    1,,2021-01-25 14:39:47.073925,==================================================================,,Going LONG,,,[],,,****END OF CYCLE****,,2021-01-25 14:40:01.702762,==================================================================,NUMBER OF TICKS: 27739 |NUMBER OF BARS: 73,==================================================================,MOST RECENT DATA
                          Mid   Returns  Direction
time                                              
2021-01-25 21:39:15  32378.56  0.000883          1
2021-01-25 21:39:30  32406.58  0.000865          1
2021-01-25 21:39:45  32360.75 -0.001415         -1
2021-01-25 21:40:00  32401.21  0.001249          1
2021-01-25 21:40:15  32394.86 -0.000196         -1,==================================================================,features: [[ 1  1  1 -1  1]]
position:  1
signal:    1,,2021-01-25 14:40:01.714763,==================================================================,no trade placed,,****END OF CYCLE****,,2021-01-25 14:40:16.816626,==================================================================,NUMBER OF TICKS: 27949 |NUMBER OF BARS: 74,==================================================================,MOST RECENT DATA
                          Mid   Returns  Direction
time                                              
2021-01-25 21:39:30  32406.58  0.000865          1
2021-01-25 21:39:45  32360.75 -0.001415         -1
2021-01-25 21:40:00  32401.21  0.001249          1
2021-01-25 21:40:15  32372.06 -0.000900         -1
2021-01-25 21:40:30  32375.94  0.000120          1,==================================================================,features: [[ 1  1 -1  1 -1]]
position:  1
signal:    1,,2021-01-25 14:40:16.827627,==================================================================,no trade placed,,****END OF CYCLE****,,2021-01-25 14:40:31.951492,==================================================================,NUMBER OF TICKS: 28159 |NUMBER OF BARS: 75,==================================================================,MOST RECENT DATA
                          Mid   Returns  Direction
time                                              
2021-01-25 21:39:45  32360.75 -0.001415         -1
2021-01-25 21:40:00  32401.21  0.001249          1
2021-01-25 21:40:15  32372.06 -0.000900         -1
2021-01-25 21:40:30  32379.57  0.000232          1
2021-01-25 21:40:45  32379.57  0.000000         -1,==================================================================,features: [[ 1 -1  1 -1  1]]
position:  1
signal:    1,,2021-01-25 14:40:31.963493,==================================================================,no trade placed,,****END OF CYCLE****,,2021-01-25 14:40:46.726337,==================================================================,NUMBER OF TICKS: 28359 |NUMBER OF BARS: 76,==================================================================,MOST RECENT DATA
                          Mid   Returns  Direction
time                                              
2021-01-25 21:40:00  32401.21  0.001249          1
2021-01-25 21:40:15  32372.06 -0.000900         -1
2021-01-25 21:40:30  32379.57  0.000232          1
2021-01-25 21:40:45  32446.03  0.002050          1
2021-01-25 21:41:00  32444.42 -0.000050         -1,==================================================================,features: [[-1  1 -1  1  1]]
position:  1
signal:    -1,,2021-01-25 14:40:47.242367,==================================================================,,Going SHORT,,,[],,,****END OF CYCLE****,,2021-01-25 14:41:02.112217,==================================================================,NUMBER OF TICKS: 28554 |NUMBER OF BARS: 77,==================================================================,MOST RECENT DATA
                          Mid   Returns  Direction
time                                              
2021-01-25 21:40:15  32372.06 -0.000900         -1
2021-01-25 21:40:30  32379.57  0.000232          1
2021-01-25 21:40:45  32446.03  0.002050          1
2021-01-25 21:41:00  32490.12  0.001358          1
2021-01-25 21:41:15  32491.67  0.000048          1,==================================================================,features: [[ 1 -1  1  1  1]]
position:  -1
signal:    1,,2021-01-25 14:41:02.274226,==================================================================,,Going LONG,,,[],,,****END OF CYCLE****,,2021-01-25 14:41:16.442037,==================================================================,NUMBER OF TICKS: 28743 |NUMBER OF BARS: 78,==================================================================,MOST RECENT DATA
                          Mid   Returns  Direction
time                                              
2021-01-25 21:40:30  32379.57  0.000232          1
2021-01-25 21:40:45  32446.03  0.002050          1
2021-01-25 21:41:00  32490.12  0.001358          1
2021-01-25 21:41:15  32550.00  0.001841          1
2021-01-25 21:41:30  32550.00  0.000000         -1,==================================================================,features: [[-1  1  1  1  1]]
position:  1
signal:    -1,,2021-01-25 14:41:16.595046,==================================================================,,Going SHORT,,,[],,,****END OF CYCLE****,,2021-01-25 14:41:31.564902,==================================================================,NUMBER OF TICKS: 28943 |NUMBER OF BARS: 79,==================================================================,MOST RECENT DATA
                          Mid   Returns  Direction
time                                              
2021-01-25 21:40:45  32446.03  0.002050          1
2021-01-25 21:41:00  32490.12  0.001358          1
2021-01-25 21:41:15  32550.00  0.001841          1
2021-01-25 21:41:30  32553.38  0.000104          1
2021-01-25 21:41:45  32559.83  0.000198          1,==================================================================,features: [[1 1 1 1 1]]
position:  -1
signal:    1,,2021-01-25 14:41:31.716910,==================================================================,,Going LONG,,,[],,,****END OF CYCLE****,,2021-01-25 14:41:46.630763,==================================================================,NUMBER OF TICKS: 29141 |NUMBER OF BARS: 80,==================================================================,MOST RECENT DATA
                          Mid   Returns  Direction
time                                              
2021-01-25 21:41:00  32490.12  0.001358          1
2021-01-25 21:41:15  32550.00  0.001841          1
2021-01-25 21:41:30  32553.38  0.000104          1
2021-01-25 21:41:45  32562.78  0.000289          1
2021-01-25 21:42:00  32568.82  0.000185          1,==================================================================,features: [[1 1 1 1 1]]
position:  1
signal:    1,,2021-01-25 14:41:46.642764,==================================================================,no trade placed,,****END OF CYCLE****,,2021-01-25 14:42:02.403666,==================================================================,NUMBER OF TICKS: 29348 |NUMBER OF BARS: 81,==================================================================,MOST RECENT DATA
                          Mid       Returns  Direction
time                                                  
2021-01-25 21:41:15  32550.00  1.841326e-03          1
2021-01-25 21:41:30  32553.38  1.038349e-04          1
2021-01-25 21:41:45  32562.78  2.887148e-04          1
2021-01-25 21:42:00  32567.86  1.559942e-04          1
2021-01-25 21:42:15  32567.85 -3.070512e-07         -1,==================================================================,features: [[1 1 1 1 1]]
position:  1
signal:    1,,2021-01-25 14:42:02.415666,==================================================================,no trade placed,,****END OF CYCLE****,,2021-01-25 14:42:16.506472,==================================================================,NUMBER OF TICKS: 29532 |NUMBER OF BARS: 82,==================================================================,MOST RECENT DATA
                          Mid   Returns  Direction
time                                              
2021-01-25 21:41:30  32553.38  0.000104          1
2021-01-25 21:41:45  32562.78  0.000289          1
2021-01-25 21:42:00  32567.86  0.000156          1
2021-01-25 21:42:15  32544.42 -0.000720         -1
2021-01-25 21:42:30  32550.99  0.000202          1,==================================================================,features: [[ 1  1  1  1 -1]]
position:  1
signal:    1,,2021-01-25 14:42:16.518473,==================================================================,no trade placed,,****END OF CYCLE****,,2021-01-25 14:42:31.629337,==================================================================,NUMBER OF TICKS: 29729 |NUMBER OF BARS: 83,==================================================================,MOST RECENT DATA
                          Mid       Returns  Direction
time                                                  
2021-01-25 21:41:45  32562.78  2.887148e-04          1
2021-01-25 21:42:00  32567.86  1.559942e-04          1
2021-01-25 21:42:15  32544.42 -7.199871e-04         -1
2021-01-25 21:42:30  32532.57 -3.641840e-04         -1
2021-01-25 21:42:45  32532.58  3.073842e-07          1,==================================================================,features: [[ 1  1  1 -1 -1]]
position:  1
signal:    1,,2021-01-25 14:42:31.642338,==================================================================,no trade placed,,****END OF CYCLE****,,2021-01-25 14:42:46.897211,==================================================================,NUMBER OF TICKS: 29927 |NUMBER OF BARS: 84,==================================================================,MOST RECENT DATA
                          Mid   Returns  Direction
time                                              
2021-01-25 21:42:00  32567.86  0.000156          1
2021-01-25 21:42:15  32544.42 -0.000720         -1
2021-01-25 21:42:30  32532.57 -0.000364         -1
2021-01-25 21:42:45  32546.92  0.000441          1
2021-01-25 21:43:00  32550.00  0.000095          1,==================================================================,features: [[ 1  1 -1 -1  1]]
position:  1
signal:    1,,2021-01-25 14:42:46.910211,==================================================================,no trade placed,,****END OF CYCLE****,,2021-01-25 14:43:01.531048,==================================================================,NUMBER OF TICKS: 30114 |NUMBER OF BARS: 85,==================================================================,MOST RECENT DATA
                          Mid   Returns  Direction
time                                              
2021-01-25 21:42:15  32544.42 -0.000720         -1
2021-01-25 21:42:30  32532.57 -0.000364         -1
2021-01-25 21:42:45  32546.92  0.000441          1
2021-01-25 21:43:00  32608.94  0.001904          1
2021-01-25 21:43:15  32608.66 -0.000009         -1,==================================================================,features: [[ 1 -1 -1  1  1]]
position:  1
signal:    1,,2021-01-25 14:43:01.542048,==================================================================,no trade placed,,****END OF CYCLE****,,2021-01-25 14:43:16.536906,==================================================================,NUMBER OF TICKS: 30299 |NUMBER OF BARS: 86,==================================================================,MOST RECENT DATA
                          Mid   Returns  Direction
time                                              
2021-01-25 21:42:30  32532.57 -0.000364         -1
2021-01-25 21:42:45  32546.92  0.000441          1
2021-01-25 21:43:00  32608.94  0.001904          1
2021-01-25 21:43:15  32591.82 -0.000525         -1
2021-01-25 21:43:30  32595.69  0.000119          1,==================================================================,features: [[-1 -1  1  1 -1]]
position:  1
signal:    -1,,2021-01-25 14:43:16.690915,==================================================================,,Going SHORT,,,[],,,****END OF CYCLE****,,2021-01-25 14:43:31.650770,==================================================================,NUMBER OF TICKS: 30486 |NUMBER OF BARS: 87,==================================================================,MOST RECENT DATA
                          Mid   Returns  Direction
time                                              
2021-01-25 21:42:45  32546.92  0.000441          1
2021-01-25 21:43:00  32608.94  0.001904          1
2021-01-25 21:43:15  32591.82 -0.000525         -1
2021-01-25 21:43:30  32610.16  0.000563          1
2021-01-25 21:43:45  32610.16  0.000000         -1,==================================================================,features: [[-1  1  1 -1  1]]
position:  -1
signal:    -1,,2021-01-25 14:43:31.662771,==================================================================,no trade placed,,****END OF CYCLE****,,2021-01-25 14:43:46.811637,==================================================================,NUMBER OF TICKS: 30676 |NUMBER OF BARS: 88,==================================================================,MOST RECENT DATA
                          Mid   Returns  Direction
time                                              
2021-01-25 21:43:00  32608.94  0.001904          1
2021-01-25 21:43:15  32591.82 -0.000525         -1
2021-01-25 21:43:30  32610.16  0.000563          1
2021-01-25 21:43:45  32580.01 -0.000925         -1
2021-01-25 21:44:00  32574.98 -0.000154         -1,==================================================================,features: [[ 1  1 -1  1 -1]]
position:  -1
signal:    1,,2021-01-25 14:43:46.998648,==================================================================,,Going LONG,,,[],,,****END OF CYCLE****,,2021-01-25 14:44:01.818496,==================================================================,NUMBER OF TICKS: 30858 |NUMBER OF BARS: 89,==================================================================,MOST RECENT DATA
                          Mid   Returns  Direction
time                                              
2021-01-25 21:43:15  32591.82 -0.000525         -1
2021-01-25 21:43:30  32610.16  0.000563          1
2021-01-25 21:43:45  32580.01 -0.000925         -1
2021-01-25 21:44:00  32580.01  0.000000         -1
2021-01-25 21:44:15  32581.53  0.000047          1,==================================================================,features: [[ 1 -1  1 -1 -1]]
position:  1
signal:    1,,2021-01-25 14:44:01.830496,==================================================================,no trade placed,,****END OF CYCLE****,,2021-01-25 14:44:16.603341,==================================================================,NUMBER OF TICKS: 31041 |NUMBER OF BARS: 90,==================================================================,MOST RECENT DATA
                          Mid   Returns  Direction
time                                              
2021-01-25 21:43:30  32610.16  0.000563          1
2021-01-25 21:43:45  32580.01 -0.000925         -1
2021-01-25 21:44:00  32580.01  0.000000         -1
2021-01-25 21:44:15  32587.43  0.000228          1
2021-01-25 21:44:30  32590.86  0.000105          1,==================================================================,features: [[-1  1 -1 -1  1]]
position:  1
signal:    -1,,2021-01-25 14:44:16.751350,==================================================================,,Going SHORT,,,[],,,****END OF CYCLE****,,2021-01-25 14:44:31.738207,==================================================================,NUMBER OF TICKS: 31225 |NUMBER OF BARS: 91,==================================================================,MOST RECENT DATA
                          Mid   Returns  Direction
time                                              
2021-01-25 21:43:45  32580.01 -0.000925         -1
2021-01-25 21:44:00  32580.01  0.000000         -1
2021-01-25 21:44:15  32587.43  0.000228          1
2021-01-25 21:44:30  32603.93  0.000506          1
2021-01-25 21:44:45  32595.18 -0.000268         -1,==================================================================,features: [[ 1 -1 -1  1  1]]
position:  -1
signal:    1,,2021-01-25 14:44:31.903217,==================================================================,,Going LONG,,,[],,,****END OF CYCLE****,,2021-01-25 14:44:46.534053,==================================================================,NUMBER OF TICKS: 31403 |NUMBER OF BARS: 92,==================================================================,MOST RECENT DATA
                          Mid   Returns  Direction
time                                              
2021-01-25 21:44:00  32580.01  0.000000         -1
2021-01-25 21:44:15  32587.43  0.000228          1
2021-01-25 21:44:30  32603.93  0.000506          1
2021-01-25 21:44:45  32596.78 -0.000219         -1
2021-01-25 21:45:00  32600.00  0.000099          1,==================================================================,features: [[-1 -1  1  1 -1]]
position:  1
signal:    -1,,2021-01-25 14:44:46.707063,==================================================================,,Going SHORT,,,[],,,****END OF CYCLE****,,2021-01-25 14:45:01.760924,==================================================================,NUMBER OF TICKS: 31584 |NUMBER OF BARS: 93,==================================================================,MOST RECENT DATA
                          Mid   Returns  Direction
time                                              
2021-01-25 21:44:15  32587.43  0.000228          1
2021-01-25 21:44:30  32603.93  0.000506          1
2021-01-25 21:44:45  32596.78 -0.000219         -1
2021-01-25 21:45:00  32611.73  0.000459          1
2021-01-25 21:45:15  32611.61 -0.000004         -1,==================================================================,features: [[-1  1  1 -1  1]]
position:  -1
signal:    -1,,2021-01-25 14:45:01.775925,==================================================================,no trade placed,,****END OF CYCLE****,,2021-01-25 14:45:16.475766,==================================================================,NUMBER OF TICKS: 31759 |NUMBER OF BARS: 94,==================================================================,MOST RECENT DATA
                          Mid   Returns  Direction
time                                              
2021-01-25 21:44:30  32603.93  0.000506          1
2021-01-25 21:44:45  32596.78 -0.000219         -1
2021-01-25 21:45:00  32611.73  0.000459          1
2021-01-25 21:45:15  32565.21 -0.001427         -1
2021-01-25 21:45:30  32572.33  0.000219          1,==================================================================,features: [[ 1  1 -1  1 -1]]
position:  -1
signal:    1,,2021-01-25 14:45:16.623774,==================================================================,,Going LONG,,,[],,,****END OF CYCLE****,,2021-01-25 14:45:31.502625,==================================================================,NUMBER OF TICKS: 31936 |NUMBER OF BARS: 95,==================================================================,MOST RECENT DATA
                          Mid   Returns  Direction
time                                              
2021-01-25 21:44:45  32596.78 -0.000219         -1
2021-01-25 21:45:00  32611.73  0.000459          1
2021-01-25 21:45:15  32565.21 -0.001427         -1
2021-01-25 21:45:30  32493.08 -0.002217         -1
2021-01-25 21:45:45  32492.40 -0.000021         -1,==================================================================,features: [[ 1 -1  1 -1 -1]]
position:  1
signal:    1,,2021-01-25 14:45:31.513626,==================================================================,no trade placed,,****END OF CYCLE****,,2021-01-25 14:45:46.772499,==================================================================,NUMBER OF TICKS: 32112 |NUMBER OF BARS: 96,==================================================================,MOST RECENT DATA
                          Mid   Returns  Direction
time                                              
2021-01-25 21:45:00  32611.73  0.000459          1
2021-01-25 21:45:15  32565.21 -0.001427         -1
2021-01-25 21:45:30  32493.08 -0.002217         -1
2021-01-25 21:45:45  32435.15 -0.001784         -1
2021-01-25 21:46:00  32420.33 -0.000457         -1,==================================================================,features: [[-1  1 -1 -1 -1]]
position:  1
signal:    -1,,2021-01-25 14:45:46.952509,==================================================================,,Going SHORT,,,[],,,****END OF CYCLE****,,2021-01-25 14:46:02.915422,==================================================================,NUMBER OF TICKS: 32275 |NUMBER OF BARS: 97,==================================================================,MOST RECENT DATA
                          Mid   Returns  Direction
time                                              
2021-01-25 21:45:15  32565.21 -0.001427         -1
2021-01-25 21:45:30  32493.08 -0.002217         -1
2021-01-25 21:45:45  32435.15 -0.001784         -1
2021-01-25 21:46:00  32477.23  0.001297          1
2021-01-25 21:46:15  32479.41  0.000067          1,==================================================================,features: [[ 1 -1 -1 -1  1]]
position:  -1
signal:    1,,2021-01-25 14:46:03.090432,==================================================================,,Going LONG,,,[],,,****END OF CYCLE****,,2021-01-25 14:46:16.620206,==================================================================,NUMBER OF TICKS: 32419 |NUMBER OF BARS: 98,==================================================================,MOST RECENT DATA
                          Mid   Returns  Direction
time                                              
2021-01-25 21:45:30  32493.08 -0.002217         -1
2021-01-25 21:45:45  32435.15 -0.001784         -1
2021-01-25 21:46:00  32477.23  0.001297          1
2021-01-25 21:46:15  32497.56  0.000626          1
2021-01-25 21:46:30  32497.56  0.000000         -1,==================================================================,features: [[-1 -1 -1  1  1]]
position:  1
signal:    -1,,2021-01-25 14:46:17.064231,==================================================================,,Going SHORT,,,[],,,****END OF CYCLE****,,2021-01-25 14:46:31.559060,==================================================================,NUMBER OF TICKS: 32586 |NUMBER OF BARS: 99,==================================================================,MOST RECENT DATA
                          Mid   Returns  Direction
time                                              
2021-01-25 21:45:45  32435.15 -0.001784         -1
2021-01-25 21:46:00  32477.23  0.001297          1
2021-01-25 21:46:15  32497.56  0.000626          1
2021-01-25 21:46:30  32596.87  0.003051          1
2021-01-25 21:46:45  32596.87  0.000000         -1,==================================================================,features: [[-1 -1  1  1  1]]
position:  -1
signal:    -1,,2021-01-25 14:46:31.572061,==================================================================,no trade placed,,****END OF CYCLE****,,2021-01-25 14:46:46.886937,==================================================================,NUMBER OF TICKS: 32762 |NUMBER OF BARS: 100,==================================================================,MOST RECENT DATA
                          Mid   Returns  Direction
time                                              
2021-01-25 21:46:00  32477.23  0.001297          1
2021-01-25 21:46:15  32497.56  0.000626          1
2021-01-25 21:46:30  32596.87  0.003051          1
2021-01-25 21:46:45  32548.70 -0.001479         -1
2021-01-25 21:47:00  32554.05  0.000164          1,==================================================================,features: [[-1  1  1  1 -1]]
position:  -1
signal:    -1,,2021-01-25 14:46:46.898938,==================================================================,no trade placed,,****END OF CYCLE****,,2021-01-25 14:47:01.838792,==================================================================,NUMBER OF TICKS: 32929 |NUMBER OF BARS: 101,==================================================================,MOST RECENT DATA
                          Mid   Returns  Direction
time                                              
2021-01-25 21:46:15  32497.56  0.000626          1
2021-01-25 21:46:30  32596.87  0.003051          1
2021-01-25 21:46:45  32548.70 -0.001479         -1
2021-01-25 21:47:00  32549.05  0.000011          1
2021-01-25 21:47:15  32550.68  0.000050          1,==================================================================,features: [[ 1  1  1 -1  1]]
position:  -1
signal:    1,,2021-01-25 14:47:01.997801,==================================================================,,Going LONG,,,[],,,****END OF CYCLE****,,,ending trading session, max # ticks received,,,2021-01-25 14:47:02.034804,==================================================================,,Going ,CANCEL ORDERS,,,,[],,,2021-01-25 14:47:02.145810,==================================================================,,***CANCELING UNFILLED ORDERS***,,