
2021-01-25 06:54:17.811025
==================================================================
NUMBER OF TICKS: 0 |NUMBER OF BARS: 7

==================================================================
MOST RECENT DATA
        Mid   Returns  Direction
2  33507.26 -0.000043         -1
3  33515.28  0.000239          1
4  33511.06 -0.000126         -1
5  33507.01 -0.000121         -1
6  33506.52 -0.000015         -1

==================================================================
features: [[ 1 -1  1 -1 -1]]
position:  0
signal:    1


2021-01-25 06:54:18.018408
==================================================================


==================================================
Going LONG.

[]
==================================================/n

****END OF CYCLE****


2021-01-25 06:54:32.041678
==================================================================
NUMBER OF TICKS: 0 |NUMBER OF BARS: 8

==================================================================
MOST RECENT DATA
        Mid   Returns  Direction
3  33515.28  0.000239          1
4  33511.06 -0.000126         -1
5  33507.01 -0.000121         -1
6  33506.52 -0.000015         -1
7  33559.96  0.001594          1

==================================================================
features: [[-1  1 -1 -1 -1]]
position:  1
signal:    -1


2021-01-25 06:54:32.196874
==================================================================


==================================================
Going SHORT.

[]
==================================================/n

****END OF CYCLE****


2021-01-25 06:54:46.221028
==================================================================
NUMBER OF TICKS: 0 |NUMBER OF BARS: 9

==================================================================
MOST RECENT DATA
        Mid   Returns  Direction
4  33511.06 -0.000126         -1
5  33507.01 -0.000121         -1
6  33506.52 -0.000015         -1
7  33559.96  0.001594          1
8  33563.31  0.000100          1

==================================================================
features: [[ 1 -1 -1 -1  1]]
position:  -1
signal:    1


2021-01-25 06:54:46.378254
==================================================================


==================================================
Going LONG.

[]
==================================================/n

****END OF CYCLE****


2021-01-25 06:55:00.403395
==================================================================
NUMBER OF TICKS: 0 |NUMBER OF BARS: 10

==================================================================
MOST RECENT DATA
        Mid   Returns  Direction
5  33507.01 -0.000121         -1
6  33506.52 -0.000015         -1
7  33559.96  0.001594          1
8  33563.31  0.000100          1
9  33557.08 -0.000186         -1

==================================================================
features: [[-1 -1 -1  1  1]]
position:  1
signal:    -1


2021-01-25 06:55:00.579712
==================================================================


==================================================
Going SHORT.

[]
==================================================/n

****END OF CYCLE****


2021-01-25 06:55:14.604195
==================================================================
NUMBER OF TICKS: 0 |NUMBER OF BARS: 11

==================================================================
MOST RECENT DATA
         Mid   Returns  Direction
6   33506.52 -0.000015         -1
7   33559.96  0.001594          1
8   33563.31  0.000100          1
9   33557.08 -0.000186         -1
10  33537.06 -0.000597         -1

==================================================================
features: [[-1 -1  1  1 -1]]
position:  -1
signal:    -1


2021-01-25 06:55:14.613803
==================================================================
no trade placed

****END OF CYCLE****


2021-01-25 06:55:28.639146
==================================================================
NUMBER OF TICKS: 0 |NUMBER OF BARS: 12

==================================================================
MOST RECENT DATA
         Mid   Returns  Direction
7   33559.96  0.001594          1
8   33563.31  0.000100          1
9   33557.08 -0.000186         -1
10  33537.06 -0.000597         -1
11  33541.00  0.000117          1

==================================================================
features: [[-1  1  1 -1 -1]]
position:  -1
signal:    -1


2021-01-25 06:55:28.648304
==================================================================
no trade placed

****END OF CYCLE****


2021-01-25 06:55:42.671078
==================================================================
NUMBER OF TICKS: 0 |NUMBER OF BARS: 13

==================================================================
MOST RECENT DATA
         Mid   Returns  Direction
8   33563.31  0.000100          1
9   33557.08 -0.000186         -1
10  33537.06 -0.000597         -1
11  33541.00  0.000117          1
12  33542.54  0.000046          1

==================================================================
features: [[ 1  1 -1 -1  1]]
position:  -1
signal:    1


2021-01-25 06:55:42.922800
==================================================================


==================================================
Going LONG.

[]
==================================================/n

****END OF CYCLE****


2021-01-25 06:55:56.947000
==================================================================
NUMBER OF TICKS: 0 |NUMBER OF BARS: 14

==================================================================
MOST RECENT DATA
         Mid   Returns  Direction
9   33557.08 -0.000186         -1
10  33537.06 -0.000597         -1
11  33541.00  0.000117          1
12  33542.54  0.000046          1
13  33519.61 -0.000684         -1

==================================================================
features: [[ 1 -1 -1  1  1]]
position:  1
signal:    1


2021-01-25 06:55:56.957949
==================================================================
no trade placed

****END OF CYCLE****


2021-01-25 06:56:10.985192
==================================================================
NUMBER OF TICKS: 0 |NUMBER OF BARS: 15

==================================================================
MOST RECENT DATA
         Mid   Returns  Direction
10  33537.06 -0.000597         -1
11  33541.00  0.000117          1
12  33542.54  0.000046          1
13  33519.61 -0.000684         -1
14  33500.01 -0.000585         -1

==================================================================
features: [[-1 -1  1  1 -1]]
position:  1
signal:    -1


2021-01-25 06:56:11.151156
==================================================================


==================================================
Going SHORT.

[]
==================================================/n

****END OF CYCLE****


2021-01-25 06:56:25.176300
==================================================================
NUMBER OF TICKS: 0 |NUMBER OF BARS: 16

==================================================================
MOST RECENT DATA
         Mid   Returns  Direction
11  33541.00  0.000117          1
12  33542.54  0.000046          1
13  33519.61 -0.000684         -1
14  33500.01 -0.000585         -1
15  33485.90 -0.000421         -1

==================================================================
features: [[-1  1  1 -1 -1]]
position:  -1
signal:    -1


2021-01-25 06:56:25.184736
==================================================================
no trade placed

****END OF CYCLE****


2021-01-25 06:56:39.207851
==================================================================
NUMBER OF TICKS: 0 |NUMBER OF BARS: 17

==================================================================
MOST RECENT DATA
         Mid   Returns  Direction
12  33542.54  0.000046          1
13  33519.61 -0.000684         -1
14  33500.01 -0.000585         -1
15  33485.90 -0.000421         -1
16  33475.16 -0.000321         -1

==================================================================
features: [[ 1  1 -1 -1 -1]]
position:  -1
signal:    1


2021-01-25 06:56:39.365851
==================================================================


==================================================
Going LONG.

[]
==================================================/n

****END OF CYCLE****


2021-01-25 06:56:53.388063
==================================================================
NUMBER OF TICKS: 0 |NUMBER OF BARS: 18

==================================================================
MOST RECENT DATA
         Mid   Returns  Direction
13  33519.61 -0.000684         -1
14  33500.01 -0.000585         -1
15  33485.90 -0.000421         -1
16  33475.16 -0.000321         -1
17  33473.16 -0.000060         -1

==================================================================
features: [[ 1 -1 -1 -1 -1]]
position:  1
signal:    1


2021-01-25 06:56:53.395780
==================================================================
no trade placed

****END OF CYCLE****


2021-01-25 06:57:07.419385
==================================================================
NUMBER OF TICKS: 0 |NUMBER OF BARS: 19

==================================================================
MOST RECENT DATA
         Mid   Returns  Direction
14  33500.01 -0.000585         -1
15  33485.90 -0.000421         -1
16  33475.16 -0.000321         -1
17  33473.16 -0.000060         -1
18  33446.24 -0.000805         -1

==================================================================
features: [[-1 -1 -1 -1 -1]]
position:  1
signal:    -1


2021-01-25 06:57:07.596342
==================================================================


==================================================
Going SHORT.

[]
==================================================/n

****END OF CYCLE****


2021-01-25 06:57:21.624857
==================================================================
NUMBER OF TICKS: 0 |NUMBER OF BARS: 20

==================================================================
MOST RECENT DATA
         Mid   Returns  Direction
15  33485.90 -0.000421         -1
16  33475.16 -0.000321         -1
17  33473.16 -0.000060         -1
18  33446.24 -0.000805         -1
19  33440.22 -0.000180         -1

==================================================================
features: [[-1 -1 -1 -1 -1]]
position:  -1
signal:    -1


2021-01-25 06:57:21.635200
==================================================================
no trade placed

****END OF CYCLE****


2021-01-25 06:57:35.660304
==================================================================
NUMBER OF TICKS: 0 |NUMBER OF BARS: 21

==================================================================
MOST RECENT DATA
         Mid   Returns  Direction
16  33475.16 -0.000321         -1
17  33473.16 -0.000060         -1
18  33446.24 -0.000805         -1
19  33440.22 -0.000180         -1
20  33463.19  0.000687          1

==================================================================
features: [[-1 -1 -1 -1 -1]]
position:  -1
signal:    -1


2021-01-25 06:57:35.669677
==================================================================
no trade placed

****END OF CYCLE****


2021-01-25 06:57:49.693079
==================================================================
NUMBER OF TICKS: 0 |NUMBER OF BARS: 22

==================================================================
MOST RECENT DATA
         Mid   Returns  Direction
17  33473.16 -0.000060         -1
18  33446.24 -0.000805         -1
19  33440.22 -0.000180         -1
20  33463.19  0.000687          1
21  33465.76  0.000077          1

==================================================================
features: [[-1 -1 -1 -1  1]]
position:  -1
signal:    -1


2021-01-25 06:57:49.702093
==================================================================
no trade placed

****END OF CYCLE****


2021-01-25 07:02:13.273541
==================================================================
NUMBER OF TICKS: 0 |NUMBER OF BARS: 7

==================================================================
MOST RECENT DATA
        Mid  Returns  Direction
2  33427.11      0.0         -1
3  33427.11      0.0         -1
4  33427.11      0.0         -1
5  33427.11      0.0         -1
6  33427.11      0.0         -1

==================================================================
features: [[-1 -1 -1 -1 -1]]
position:  0
signal:    -1


2021-01-25 07:02:13.440840
==================================================================


==================================================
Going SHORT.

[]
==================================================/n

****END OF CYCLE****


2021-01-25 07:02:28.465163
==================================================================
NUMBER OF TICKS: 0 |NUMBER OF BARS: 8

==================================================================
MOST RECENT DATA
        Mid   Returns  Direction
3  33427.11  0.000000         -1
4  33427.11  0.000000         -1
5  33427.11  0.000000         -1
6  33427.11  0.000000         -1
7  33419.99 -0.000213         -1

==================================================================
features: [[-1 -1 -1 -1 -1]]
position:  -1
signal:    -1


2021-01-25 07:02:28.474118
==================================================================
no trade placed

****END OF CYCLE****


2021-01-25 07:02:43.498381
==================================================================
NUMBER OF TICKS: 0 |NUMBER OF BARS: 9

==================================================================
MOST RECENT DATA
        Mid   Returns  Direction
4  33427.11  0.000000         -1
5  33427.11  0.000000         -1
6  33427.11  0.000000         -1
7  33419.99 -0.000213         -1
8  33432.40  0.000371          1

==================================================================
features: [[-1 -1 -1 -1 -1]]
position:  -1
signal:    -1


2021-01-25 07:02:43.507085
==================================================================
no trade placed

****END OF CYCLE****


2021-01-25 07:02:58.531299
==================================================================
NUMBER OF TICKS: 0 |NUMBER OF BARS: 10

==================================================================
MOST RECENT DATA
        Mid   Returns  Direction
5  33427.11  0.000000         -1
6  33427.11  0.000000         -1
7  33419.99 -0.000213         -1
8  33432.40  0.000371          1
9  33442.78  0.000310          1

==================================================================
features: [[-1 -1 -1 -1  1]]
position:  -1
signal:    -1


2021-01-25 07:02:58.539054
==================================================================
no trade placed

****END OF CYCLE****


2021-01-25 07:03:13.564605
==================================================================
NUMBER OF TICKS: 0 |NUMBER OF BARS: 11

==================================================================
MOST RECENT DATA
         Mid   Returns  Direction
6   33427.11  0.000000         -1
7   33419.99 -0.000213         -1
8   33432.40  0.000371          1
9   33442.78  0.000310          1
10  33478.22  0.001059          1

==================================================================
features: [[-1 -1 -1  1  1]]
position:  -1
signal:    -1


2021-01-25 07:03:13.574219
==================================================================
no trade placed

****END OF CYCLE****


2021-01-25 07:03:28.599648
==================================================================
NUMBER OF TICKS: 0 |NUMBER OF BARS: 12

==================================================================
MOST RECENT DATA
         Mid   Returns  Direction
7   33419.99 -0.000213         -1
8   33432.40  0.000371          1
9   33442.78  0.000310          1
10  33478.22  0.001059          1
11  33479.23  0.000030          1

==================================================================
features: [[-1 -1  1  1  1]]
position:  -1
signal:    -1


2021-01-25 07:03:28.622688
==================================================================
no trade placed

****END OF CYCLE****


2021-01-25 07:03:43.649790
==================================================================
NUMBER OF TICKS: 0 |NUMBER OF BARS: 13

==================================================================
MOST RECENT DATA
         Mid   Returns  Direction
8   33432.40  0.000371          1
9   33442.78  0.000310          1
10  33478.22  0.001059          1
11  33479.23  0.000030          1
12  33482.72  0.000104          1

==================================================================
features: [[-1  1  1  1  1]]
position:  -1
signal:    -1


2021-01-25 07:03:43.659331
==================================================================
no trade placed

****END OF CYCLE****


2021-01-25 07:03:58.683494
==================================================================
NUMBER OF TICKS: 0 |NUMBER OF BARS: 14

==================================================================
MOST RECENT DATA
         Mid   Returns  Direction
9   33442.78  0.000310          1
10  33478.22  0.001059          1
11  33479.23  0.000030          1
12  33482.72  0.000104          1
13  33482.97  0.000007          1

==================================================================
features: [[1 1 1 1 1]]
position:  -1
signal:    1


2021-01-25 07:03:59.152757
==================================================================


==================================================
Going LONG.

[]
==================================================/n

****END OF CYCLE****


2021-01-25 07:04:14.184172
==================================================================
NUMBER OF TICKS: 0 |NUMBER OF BARS: 15

==================================================================
MOST RECENT DATA
         Mid   Returns  Direction
10  33478.22  0.001059          1
11  33479.23  0.000030          1
12  33482.72  0.000104          1
13  33482.97  0.000007          1
14  33484.64  0.000050          1

==================================================================
features: [[1 1 1 1 1]]
position:  1
signal:    1


2021-01-25 07:04:14.195254
==================================================================
no trade placed

****END OF CYCLE****


2021-01-25 07:04:29.223011
==================================================================
NUMBER OF TICKS: 0 |NUMBER OF BARS: 16

==================================================================
MOST RECENT DATA
         Mid   Returns  Direction
11  33479.23  0.000030          1
12  33482.72  0.000104          1
13  33482.97  0.000007          1
14  33484.64  0.000050          1
15  33481.18 -0.000103         -1

==================================================================
features: [[1 1 1 1 1]]
position:  1
signal:    1


2021-01-25 07:04:29.233903
==================================================================
no trade placed

****END OF CYCLE****


2021-01-25 07:04:44.260532
==================================================================
NUMBER OF TICKS: 0 |NUMBER OF BARS: 17

==================================================================
MOST RECENT DATA
         Mid   Returns  Direction
12  33482.72  0.000104          1
13  33482.97  0.000007          1
14  33484.64  0.000050          1
15  33481.18 -0.000103         -1
16  33478.99 -0.000065         -1

==================================================================
features: [[ 1  1  1  1 -1]]
position:  1
signal:    1


2021-01-25 07:04:44.269126
==================================================================
no trade placed

****END OF CYCLE****


2021-01-25 07:04:59.295497
==================================================================
NUMBER OF TICKS: 0 |NUMBER OF BARS: 18

==================================================================
MOST RECENT DATA
         Mid   Returns  Direction
13  33482.97  0.000007          1
14  33484.64  0.000050          1
15  33481.18 -0.000103         -1
16  33478.99 -0.000065         -1
17  33450.55 -0.000850         -1

==================================================================
features: [[ 1  1  1 -1 -1]]
position:  1
signal:    1


2021-01-25 07:04:59.302312
==================================================================
no trade placed

****END OF CYCLE****


2021-01-25 07:05:14.330500
==================================================================
NUMBER OF TICKS: 0 |NUMBER OF BARS: 19

==================================================================
MOST RECENT DATA
         Mid   Returns  Direction
14  33484.64  0.000050          1
15  33481.18 -0.000103         -1
16  33478.99 -0.000065         -1
17  33450.55 -0.000850         -1
18  33472.26  0.000649          1

==================================================================
features: [[ 1  1 -1 -1 -1]]
position:  1
signal:    1


2021-01-25 07:05:14.341000
==================================================================
no trade placed

****END OF CYCLE****


2021-01-25 07:05:29.365656
==================================================================
NUMBER OF TICKS: 0 |NUMBER OF BARS: 20

==================================================================
MOST RECENT DATA
         Mid   Returns  Direction
15  33481.18 -0.000103         -1
16  33478.99 -0.000065         -1
17  33450.55 -0.000850         -1
18  33472.26  0.000649          1
19  33480.51  0.000246          1

==================================================================
features: [[ 1 -1 -1 -1  1]]
position:  1
signal:    1


2021-01-25 07:05:29.376878
==================================================================
no trade placed

****END OF CYCLE****


2021-01-25 07:05:44.405867
==================================================================
NUMBER OF TICKS: 0 |NUMBER OF BARS: 21

==================================================================
MOST RECENT DATA
         Mid   Returns  Direction
16  33478.99 -0.000065         -1
17  33450.55 -0.000850         -1
18  33472.26  0.000649          1
19  33480.51  0.000246          1
20  33481.42  0.000027          1

==================================================================
features: [[-1 -1 -1  1  1]]
position:  1
signal:    -1


2021-01-25 07:05:44.570135
==================================================================


==================================================
Going SHORT.

[]
==================================================/n

****END OF CYCLE****


2021-01-25 07:05:59.597192
==================================================================
NUMBER OF TICKS: 0 |NUMBER OF BARS: 22

==================================================================
MOST RECENT DATA
         Mid   Returns  Direction
17  33450.55 -0.000850         -1
18  33472.26  0.000649          1
19  33480.51  0.000246          1
20  33481.42  0.000027          1
21  33478.93 -0.000074         -1

==================================================================
features: [[-1 -1  1  1  1]]
position:  -1
signal:    -1


2021-01-25 07:05:59.608136
==================================================================
no trade placed

****END OF CYCLE****


2021-01-25 07:07:29.048783
==================================================================
NUMBER OF TICKS: 0 |NUMBER OF BARS: 7

==================================================================
MOST RECENT DATA
        Mid  Returns  Direction
2  33458.54      0.0         -1
3  33458.54      0.0         -1
4  33458.54      0.0         -1
5  33458.54      0.0         -1
6  33458.54      0.0         -1

==================================================================
features: [[-1 -1 -1 -1 -1]]
position:  0
signal:    -1


2021-01-25 07:07:29.213245
==================================================================


==================================================
Going SHORT.

[]
==================================================/n

****END OF CYCLE****


2021-01-25 07:22:29.323008
==================================================================
NUMBER OF TICKS: 0 |NUMBER OF BARS: 8

==================================================================
MOST RECENT DATA
        Mid   Returns  Direction
3  33458.54  0.000000         -1
4  33458.54  0.000000         -1
5  33458.54  0.000000         -1
6  33458.54  0.000000         -1
7  33233.87 -0.006738         -1

==================================================================
features: [[-1 -1 -1 -1 -1]]
position:  -1
signal:    -1


2021-01-25 07:22:29.330158
==================================================================
no trade placed

****END OF CYCLE****


2021-01-25 07:37:29.443327
==================================================================
NUMBER OF TICKS: 0 |NUMBER OF BARS: 9

==================================================================
MOST RECENT DATA
        Mid   Returns  Direction
4  33458.54  0.000000         -1
5  33458.54  0.000000         -1
6  33458.54  0.000000         -1
7  33233.87 -0.006738         -1
8  33295.92  0.001865          1

==================================================================
features: [[-1 -1 -1 -1 -1]]
position:  -1
signal:    -1


2021-01-25 07:37:29.453306
==================================================================
no trade placed

****END OF CYCLE****


2021-01-25 07:52:29.562964
==================================================================
NUMBER OF TICKS: 0 |NUMBER OF BARS: 10

==================================================================
MOST RECENT DATA
        Mid   Returns  Direction
5  33458.54  0.000000         -1
6  33458.54  0.000000         -1
7  33233.87 -0.006738         -1
8  33295.92  0.001865          1
9  33177.24 -0.003571         -1

==================================================================
features: [[-1 -1 -1 -1  1]]
position:  -1
signal:    -1


2021-01-25 07:52:29.570794
==================================================================
no trade placed

****END OF CYCLE****


2021-01-25 08:07:29.684457
==================================================================
NUMBER OF TICKS: 0 |NUMBER OF BARS: 11

==================================================================
MOST RECENT DATA
         Mid   Returns  Direction
6   33458.54  0.000000         -1
7   33233.87 -0.006738         -1
8   33295.92  0.001865          1
9   33177.24 -0.003571         -1
10  33371.99  0.005853          1

==================================================================
features: [[-1 -1 -1  1 -1]]
position:  -1
signal:    -1


2021-01-25 08:07:29.695011
==================================================================
no trade placed

****END OF CYCLE****


2021-01-25 08:22:29.718803
==================================================================
NUMBER OF TICKS: 0 |NUMBER OF BARS: 12

==================================================================
MOST RECENT DATA
         Mid   Returns  Direction
7   33233.87 -0.006738         -1
8   33295.92  0.001865          1
9   33177.24 -0.003571         -1
10  33371.99  0.005853          1
11  33308.24 -0.001912         -1

==================================================================
features: [[-1 -1  1 -1  1]]
position:  -1
signal:    -1


2021-01-25 08:22:29.731094
==================================================================
no trade placed

****END OF CYCLE****


2021-01-25 08:37:29.841738
==================================================================
NUMBER OF TICKS: 0 |NUMBER OF BARS: 13

==================================================================
MOST RECENT DATA
         Mid   Returns  Direction
8   33295.92  0.001865          1
9   33177.24 -0.003571         -1
10  33371.99  0.005853          1
11  33308.24 -0.001912         -1
12  33326.02  0.000534          1

==================================================================
features: [[-1  1 -1  1 -1]]
position:  -1
signal:    -1


2021-01-25 08:37:29.849423
==================================================================
no trade placed

****END OF CYCLE****


2021-01-25 08:52:29.882363
==================================================================
NUMBER OF TICKS: 0 |NUMBER OF BARS: 14

==================================================================
MOST RECENT DATA
         Mid   Returns  Direction
9   33177.24 -0.003571         -1
10  33371.99  0.005853          1
11  33308.24 -0.001912         -1
12  33326.02  0.000534          1
13  33390.41  0.001930          1

==================================================================
features: [[ 1 -1  1 -1  1]]
position:  -1
signal:    1


2021-01-25 08:52:30.106920
==================================================================


==================================================
Going LONG.

[]
==================================================/n

****END OF CYCLE****


2021-01-25 09:07:30.217055
==================================================================
NUMBER OF TICKS: 0 |NUMBER OF BARS: 15

==================================================================
MOST RECENT DATA
         Mid   Returns  Direction
10  33371.99  0.005853          1
11  33308.24 -0.001912         -1
12  33326.02  0.000534          1
13  33390.41  0.001930          1
14  33442.74  0.001566          1

==================================================================
features: [[-1  1 -1  1  1]]
position:  1
signal:    -1


2021-01-25 09:07:30.413222
==================================================================


==================================================
Going SHORT.

[]
==================================================/n

****END OF CYCLE****


2021-01-25 09:22:30.519371
==================================================================
NUMBER OF TICKS: 0 |NUMBER OF BARS: 16

==================================================================
MOST RECENT DATA
         Mid   Returns  Direction
11  33308.24 -0.001912         -1
12  33326.02  0.000534          1
13  33390.41  0.001930          1
14  33442.74  0.001566          1
15  33212.92 -0.006896         -1

==================================================================
features: [[ 1 -1  1  1  1]]
position:  -1
signal:    1


2021-01-25 09:22:31.006221
==================================================================


==================================================
Going LONG.

[]
==================================================/n

****END OF CYCLE****


2021-01-25 09:37:31.121757
==================================================================
NUMBER OF TICKS: 0 |NUMBER OF BARS: 17

==================================================================
MOST RECENT DATA
         Mid   Returns  Direction
12  33326.02  0.000534          1
13  33390.41  0.001930          1
14  33442.74  0.001566          1
15  33212.92 -0.006896         -1
16  33209.14 -0.000114         -1

==================================================================
features: [[-1  1  1  1 -1]]
position:  1
signal:    -1


2021-01-25 09:37:31.325485
==================================================================


==================================================
Going SHORT.

[]
==================================================/n

****END OF CYCLE****


2021-01-25 09:52:31.435468
==================================================================
NUMBER OF TICKS: 0 |NUMBER OF BARS: 18

==================================================================
MOST RECENT DATA
         Mid   Returns  Direction
13  33390.41  0.001930          1
14  33442.74  0.001566          1
15  33212.92 -0.006896         -1
16  33209.14 -0.000114         -1
17  33057.96 -0.004563         -1

==================================================================
features: [[ 1  1  1 -1 -1]]
position:  -1
signal:    1


2021-01-25 09:52:31.630399
==================================================================


==================================================
Going LONG.

[]
==================================================/n

****END OF CYCLE****


2021-01-25 10:07:31.741416
==================================================================
NUMBER OF TICKS: 0 |NUMBER OF BARS: 19

==================================================================
MOST RECENT DATA
         Mid   Returns  Direction
14  33442.74  0.001566          1
15  33212.92 -0.006896         -1
16  33209.14 -0.000114         -1
17  33057.96 -0.004563         -1
18  33033.59 -0.000737         -1

==================================================================
features: [[ 1  1 -1 -1 -1]]
position:  1
signal:    1


2021-01-25 10:07:31.750294
==================================================================
no trade placed

****END OF CYCLE****


2021-01-25 10:22:31.865928
==================================================================
NUMBER OF TICKS: 0 |NUMBER OF BARS: 20

==================================================================
MOST RECENT DATA
         Mid   Returns  Direction
15  33212.92 -0.006896         -1
16  33209.14 -0.000114         -1
17  33057.96 -0.004563         -1
18  33033.59 -0.000737         -1
19  33084.57  0.001542          1

==================================================================
features: [[ 1 -1 -1 -1 -1]]
position:  1
signal:    1


2021-01-25 10:22:31.878281
==================================================================
no trade placed

****END OF CYCLE****


2021-01-25 10:37:31.958990
==================================================================
NUMBER OF TICKS: 0 |NUMBER OF BARS: 21

==================================================================
MOST RECENT DATA
         Mid   Returns  Direction
16  33209.14 -0.000114         -1
17  33057.96 -0.004563         -1
18  33033.59 -0.000737         -1
19  33084.57  0.001542          1
20  33086.37  0.000054          1

==================================================================
features: [[-1 -1 -1 -1  1]]
position:  1
signal:    -1


2021-01-25 10:37:32.165604
==================================================================


==================================================
Going SHORT.

[]
==================================================/n

****END OF CYCLE****


2021-01-25 10:52:32.276369
==================================================================
NUMBER OF TICKS: 0 |NUMBER OF BARS: 22

==================================================================
MOST RECENT DATA
         Mid   Returns  Direction
17  33057.96 -0.004563         -1
18  33033.59 -0.000737         -1
19  33084.57  0.001542          1
20  33086.37  0.000054          1
21  33137.03  0.001530          1

==================================================================
features: [[-1 -1 -1  1  1]]
position:  -1
signal:    -1


2021-01-25 10:52:32.286444
==================================================================
no trade placed

****END OF CYCLE****


2021-01-25 11:07:32.397240
==================================================================
NUMBER OF TICKS: 0 |NUMBER OF BARS: 23

==================================================================
MOST RECENT DATA
         Mid   Returns  Direction
18  33033.59 -0.000737         -1
19  33084.57  0.001542          1
20  33086.37  0.000054          1
21  33137.03  0.001530          1
22  33157.84  0.000628          1

==================================================================
features: [[-1 -1  1  1  1]]
position:  -1
signal:    -1


2021-01-25 11:07:32.416307
==================================================================
no trade placed

****END OF CYCLE****


2021-01-25 11:22:32.529621
==================================================================
NUMBER OF TICKS: 0 |NUMBER OF BARS: 24

==================================================================
MOST RECENT DATA
         Mid   Returns  Direction
19  33084.57  0.001542          1
20  33086.37  0.000054          1
21  33137.03  0.001530          1
22  33157.84  0.000628          1
23  33160.31  0.000074          1

==================================================================
features: [[-1  1  1  1  1]]
position:  -1
signal:    -1


2021-01-25 11:22:32.539740
==================================================================
no trade placed

****END OF CYCLE****


2021-01-25 11:37:32.650586
==================================================================
NUMBER OF TICKS: 0 |NUMBER OF BARS: 25

==================================================================
MOST RECENT DATA
         Mid   Returns  Direction
20  33086.37  0.000054          1
21  33137.03  0.001530          1
22  33157.84  0.000628          1
23  33160.31  0.000074          1
24  33183.43  0.000697          1

==================================================================
features: [[1 1 1 1 1]]
position:  -1
signal:    1


2021-01-25 11:37:32.838527
==================================================================


==================================================
Going LONG.

[]
==================================================/n

****END OF CYCLE****


2021-01-25 11:52:32.950013
==================================================================
NUMBER OF TICKS: 0 |NUMBER OF BARS: 26

==================================================================
MOST RECENT DATA
         Mid   Returns  Direction
21  33137.03  0.001530          1
22  33157.84  0.000628          1
23  33160.31  0.000074          1
24  33183.43  0.000697          1
25  33205.66  0.000670          1

==================================================================
features: [[1 1 1 1 1]]
position:  1
signal:    1


2021-01-25 11:52:32.958711
==================================================================
no trade placed

****END OF CYCLE****


2021-01-25 12:07:33.068608
==================================================================
NUMBER OF TICKS: 0 |NUMBER OF BARS: 27

==================================================================
MOST RECENT DATA
         Mid   Returns  Direction
22  33157.84  0.000628          1
23  33160.31  0.000074          1
24  33183.43  0.000697          1
25  33205.66  0.000670          1
26  33138.51 -0.002024         -1

==================================================================
features: [[1 1 1 1 1]]
position:  1
signal:    1


2021-01-25 12:07:33.076617
==================================================================
no trade placed

****END OF CYCLE****


2021-01-25 12:22:33.140702
==================================================================
NUMBER OF TICKS: 0 |NUMBER OF BARS: 28

==================================================================
MOST RECENT DATA
         Mid   Returns  Direction
23  33160.31  0.000074          1
24  33183.43  0.000697          1
25  33205.66  0.000670          1
26  33138.51 -0.002024         -1
27  33624.99  0.014573          1

==================================================================
features: [[ 1  1  1  1 -1]]
position:  1
signal:    1


2021-01-25 12:22:33.147773
==================================================================
no trade placed

****END OF CYCLE****


2021-01-25 12:37:33.259640
==================================================================
NUMBER OF TICKS: 0 |NUMBER OF BARS: 29

==================================================================
MOST RECENT DATA
         Mid   Returns  Direction
24  33183.43  0.000697          1
25  33205.66  0.000670          1
26  33138.51 -0.002024         -1
27  33624.99  0.014573          1
28  33569.22 -0.001660         -1

==================================================================
features: [[ 1  1  1 -1  1]]
position:  1
signal:    1


2021-01-25 12:37:33.269105
==================================================================
no trade placed

****END OF CYCLE****


2021-01-25 12:52:33.379183
==================================================================
NUMBER OF TICKS: 0 |NUMBER OF BARS: 30

==================================================================
MOST RECENT DATA
         Mid   Returns  Direction
25  33205.66  0.000670          1
26  33138.51 -0.002024         -1
27  33624.99  0.014573          1
28  33569.22 -0.001660         -1
29  34151.04  0.017183          1

==================================================================
features: [[ 1  1 -1  1 -1]]
position:  1
signal:    1


2021-01-25 12:52:33.387399
==================================================================
no trade placed

****END OF CYCLE****


2021-01-25 13:07:33.500862
==================================================================
NUMBER OF TICKS: 0 |NUMBER OF BARS: 31

==================================================================
MOST RECENT DATA
         Mid   Returns  Direction
26  33138.51 -0.002024         -1
27  33624.99  0.014573          1
28  33569.22 -0.001660         -1
29  34151.04  0.017183          1
30  34220.00  0.002017          1

==================================================================
features: [[ 1 -1  1 -1  1]]
position:  1
signal:    1


2021-01-25 13:07:33.511724
==================================================================
no trade placed

****END OF CYCLE****


2021-01-25 13:22:33.531785
==================================================================
NUMBER OF TICKS: 0 |NUMBER OF BARS: 32

==================================================================
MOST RECENT DATA
         Mid   Returns  Direction
27  33624.99  0.014573          1
28  33569.22 -0.001660         -1
29  34151.04  0.017183          1
30  34220.00  0.002017          1
31  34399.98  0.005246          1

==================================================================
features: [[-1  1 -1  1  1]]
position:  1
signal:    -1


2021-01-25 13:22:33.763417
==================================================================


==================================================
Going SHORT.

[]
==================================================/n

****END OF CYCLE****


2021-01-25 13:37:33.872663
==================================================================
NUMBER OF TICKS: 0 |NUMBER OF BARS: 33

==================================================================
MOST RECENT DATA
         Mid   Returns  Direction
28  33569.22 -0.001660         -1
29  34151.04  0.017183          1
30  34220.00  0.002017          1
31  34399.98  0.005246          1
32  34522.02  0.003541          1

==================================================================
features: [[ 1 -1  1  1  1]]
position:  -1
signal:    1


2021-01-25 13:37:34.382006
==================================================================


==================================================
Going LONG.

[]
==================================================/n

****END OF CYCLE****


2021-01-25 13:52:34.496713
==================================================================
NUMBER OF TICKS: 0 |NUMBER OF BARS: 34

==================================================================
MOST RECENT DATA
         Mid   Returns  Direction
29  34151.04  0.017183          1
30  34220.00  0.002017          1
31  34399.98  0.005246          1
32  34522.02  0.003541          1
33  34620.00  0.002834          1

==================================================================
features: [[-1  1  1  1  1]]
position:  1
signal:    -1


2021-01-25 13:52:34.744144
==================================================================


==================================================
Going SHORT.

[]
==================================================/n

****END OF CYCLE****


2021-01-25 14:07:34.856548
==================================================================
NUMBER OF TICKS: 0 |NUMBER OF BARS: 35

==================================================================
MOST RECENT DATA
         Mid   Returns  Direction
30  34220.00  0.002017          1
31  34399.98  0.005246          1
32  34522.02  0.003541          1
33  34620.00  0.002834          1
34  34620.00  0.000000         -1

==================================================================
features: [[1 1 1 1 1]]
position:  -1
signal:    1


2021-01-25 14:07:35.090921
==================================================================


==================================================
Going LONG.

[]
==================================================/n

****END OF CYCLE****


2021-01-25 14:22:35.156831
==================================================================
NUMBER OF TICKS: 0 |NUMBER OF BARS: 36

==================================================================
MOST RECENT DATA
         Mid   Returns  Direction
31  34399.98  0.005246          1
32  34522.02  0.003541          1
33  34620.00  0.002834          1
34  34620.00  0.000000         -1
35  34620.00  0.000000         -1

==================================================================
features: [[ 1  1  1  1 -1]]
position:  1
signal:    1


2021-01-25 14:22:35.164063
==================================================================
no trade placed

****END OF CYCLE****


2021-01-25 14:37:35.273646
==================================================================
NUMBER OF TICKS: 0 |NUMBER OF BARS: 37

==================================================================
MOST RECENT DATA
         Mid   Returns  Direction
32  34522.02  0.003541          1
33  34620.00  0.002834          1
34  34620.00  0.000000         -1
35  34620.00  0.000000         -1
36  34620.00  0.000000         -1

==================================================================
features: [[ 1  1  1 -1 -1]]
position:  1
signal:    1


2021-01-25 14:37:35.281057
==================================================================
no trade placed

****END OF CYCLE****


2021-01-25 14:52:35.389864
==================================================================
NUMBER OF TICKS: 0 |NUMBER OF BARS: 38

==================================================================
MOST RECENT DATA
        Mid   Returns  Direction
33  34620.0  0.002834          1
34  34620.0  0.000000         -1
35  34620.0  0.000000         -1
36  34620.0  0.000000         -1
37  34620.0  0.000000         -1

==================================================================
features: [[ 1  1 -1 -1 -1]]
position:  1
signal:    1


2021-01-25 14:52:35.397568
==================================================================
no trade placed

****END OF CYCLE****


2021-01-25 15:07:35.507293
==================================================================
NUMBER OF TICKS: 0 |NUMBER OF BARS: 39

==================================================================
MOST RECENT DATA
        Mid  Returns  Direction
34  34620.0      0.0         -1
35  34620.0      0.0         -1
36  34620.0      0.0         -1
37  34620.0      0.0         -1
38  34620.0      0.0         -1

==================================================================
features: [[ 1 -1 -1 -1 -1]]
position:  1
signal:    1


2021-01-25 15:07:35.514777
==================================================================
no trade placed

****END OF CYCLE****


2021-01-25 15:22:35.626521
==================================================================
NUMBER OF TICKS: 0 |NUMBER OF BARS: 40

==================================================================
MOST RECENT DATA
        Mid  Returns  Direction
35  34620.0      0.0         -1
36  34620.0      0.0         -1
37  34620.0      0.0         -1
38  34620.0      0.0         -1
39  34620.0      0.0         -1

==================================================================
features: [[-1 -1 -1 -1 -1]]
position:  1
signal:    -1


2021-01-25 15:22:35.940978
==================================================================


==================================================
Going SHORT.

[]
==================================================/n

****END OF CYCLE****


2021-01-25 15:37:36.049705
==================================================================
NUMBER OF TICKS: 0 |NUMBER OF BARS: 41

==================================================================
MOST RECENT DATA
        Mid  Returns  Direction
36  34620.0      0.0         -1
37  34620.0      0.0         -1
38  34620.0      0.0         -1
39  34620.0      0.0         -1
40  34620.0      0.0         -1

==================================================================
features: [[-1 -1 -1 -1 -1]]
position:  -1
signal:    -1


2021-01-25 15:37:36.057981
==================================================================
no trade placed

****END OF CYCLE****


2021-01-25 15:52:36.167783
==================================================================
NUMBER OF TICKS: 0 |NUMBER OF BARS: 42

==================================================================
MOST RECENT DATA
        Mid  Returns  Direction
37  34620.0      0.0         -1
38  34620.0      0.0         -1
39  34620.0      0.0         -1
40  34620.0      0.0         -1
41  34620.0      0.0         -1

==================================================================
features: [[-1 -1 -1 -1 -1]]
position:  -1
signal:    -1


2021-01-25 15:52:36.176193
==================================================================
no trade placed

****END OF CYCLE****

