
2021-01-25 06:54:17.811025
==================================================================
NUMBER OF TICKS: 0 |NUMBER OF BARS: 7

==================================================================
MOST RECENT DATA
        Mid   Returns  Direction
2  33507.26 -0.000043         -1
3  33515.28  0.000239          1
4  33511.06 -0.000126         -1
5  33507.01 -0.000121         -1
6  33506.52 -0.000015         -1

==================================================================
features: [[ 1 -1  1 -1 -1]]
position:  0
signal:    1


2021-01-25 06:54:18.018408
==================================================================


==================================================
Going LONG.

[]
==================================================/n

****END OF CYCLE****


2021-01-25 06:54:32.041678
==================================================================
NUMBER OF TICKS: 0 |NUMBER OF BARS: 8

==================================================================
MOST RECENT DATA
        Mid   Returns  Direction
3  33515.28  0.000239          1
4  33511.06 -0.000126         -1
5  33507.01 -0.000121         -1
6  33506.52 -0.000015         -1
7  33559.96  0.001594          1

==================================================================
features: [[-1  1 -1 -1 -1]]
position:  1
signal:    -1


2021-01-25 06:54:32.196874
==================================================================


==================================================
Going SHORT.

[]
==================================================/n

****END OF CYCLE****


2021-01-25 06:54:46.221028
==================================================================
NUMBER OF TICKS: 0 |NUMBER OF BARS: 9

==================================================================
MOST RECENT DATA
        Mid   Returns  Direction
4  33511.06 -0.000126         -1
5  33507.01 -0.000121         -1
6  33506.52 -0.000015         -1
7  33559.96  0.001594          1
8  33563.31  0.000100          1

==================================================================
features: [[ 1 -1 -1 -1  1]]
position:  -1
signal:    1


2021-01-25 06:54:46.378254
==================================================================


==================================================
Going LONG.

[]
==================================================/n

****END OF CYCLE****


2021-01-25 06:55:00.403395
==================================================================
NUMBER OF TICKS: 0 |NUMBER OF BARS: 10

==================================================================
MOST RECENT DATA
        Mid   Returns  Direction
5  33507.01 -0.000121         -1
6  33506.52 -0.000015         -1
7  33559.96  0.001594          1
8  33563.31  0.000100          1
9  33557.08 -0.000186         -1

==================================================================
features: [[-1 -1 -1  1  1]]
position:  1
signal:    -1


2021-01-25 06:55:00.579712
==================================================================


==================================================
Going SHORT.

[]
==================================================/n

****END OF CYCLE****


2021-01-25 06:55:14.604195
==================================================================
NUMBER OF TICKS: 0 |NUMBER OF BARS: 11

==================================================================
MOST RECENT DATA
         Mid   Returns  Direction
6   33506.52 -0.000015         -1
7   33559.96  0.001594          1
8   33563.31  0.000100          1
9   33557.08 -0.000186         -1
10  33537.06 -0.000597         -1

==================================================================
features: [[-1 -1  1  1 -1]]
position:  -1
signal:    -1


2021-01-25 06:55:14.613803
==================================================================
no trade placed

****END OF CYCLE****


2021-01-25 06:55:28.639146
==================================================================
NUMBER OF TICKS: 0 |NUMBER OF BARS: 12

==================================================================
MOST RECENT DATA
         Mid   Returns  Direction
7   33559.96  0.001594          1
8   33563.31  0.000100          1
9   33557.08 -0.000186         -1
10  33537.06 -0.000597         -1
11  33541.00  0.000117          1

==================================================================
features: [[-1  1  1 -1 -1]]
position:  -1
signal:    -1


2021-01-25 06:55:28.648304
==================================================================
no trade placed

****END OF CYCLE****


2021-01-25 06:55:42.671078
==================================================================
NUMBER OF TICKS: 0 |NUMBER OF BARS: 13

==================================================================
MOST RECENT DATA
         Mid   Returns  Direction
8   33563.31  0.000100          1
9   33557.08 -0.000186         -1
10  33537.06 -0.000597         -1
11  33541.00  0.000117          1
12  33542.54  0.000046          1

==================================================================
features: [[ 1  1 -1 -1  1]]
position:  -1
signal:    1


2021-01-25 06:55:42.922800
==================================================================


==================================================
Going LONG.

[]
==================================================/n

****END OF CYCLE****


2021-01-25 06:55:56.947000
==================================================================
NUMBER OF TICKS: 0 |NUMBER OF BARS: 14

==================================================================
MOST RECENT DATA
         Mid   Returns  Direction
9   33557.08 -0.000186         -1
10  33537.06 -0.000597         -1
11  33541.00  0.000117          1
12  33542.54  0.000046          1
13  33519.61 -0.000684         -1

==================================================================
features: [[ 1 -1 -1  1  1]]
position:  1
signal:    1


2021-01-25 06:55:56.957949
==================================================================
no trade placed

****END OF CYCLE****


2021-01-25 06:56:10.985192
==================================================================
NUMBER OF TICKS: 0 |NUMBER OF BARS: 15

==================================================================
MOST RECENT DATA
         Mid   Returns  Direction
10  33537.06 -0.000597         -1
11  33541.00  0.000117          1
12  33542.54  0.000046          1
13  33519.61 -0.000684         -1
14  33500.01 -0.000585         -1

==================================================================
features: [[-1 -1  1  1 -1]]
position:  1
signal:    -1


2021-01-25 06:56:11.151156
==================================================================


==================================================
Going SHORT.

[]
==================================================/n

****END OF CYCLE****


2021-01-25 06:56:25.176300
==================================================================
NUMBER OF TICKS: 0 |NUMBER OF BARS: 16

==================================================================
MOST RECENT DATA
         Mid   Returns  Direction
11  33541.00  0.000117          1
12  33542.54  0.000046          1
13  33519.61 -0.000684         -1
14  33500.01 -0.000585         -1
15  33485.90 -0.000421         -1

==================================================================
features: [[-1  1  1 -1 -1]]
position:  -1
signal:    -1


2021-01-25 06:56:25.184736
==================================================================
no trade placed

****END OF CYCLE****


2021-01-25 06:56:39.207851
==================================================================
NUMBER OF TICKS: 0 |NUMBER OF BARS: 17

==================================================================
MOST RECENT DATA
         Mid   Returns  Direction
12  33542.54  0.000046          1
13  33519.61 -0.000684         -1
14  33500.01 -0.000585         -1
15  33485.90 -0.000421         -1
16  33475.16 -0.000321         -1

==================================================================
features: [[ 1  1 -1 -1 -1]]
position:  -1
signal:    1


2021-01-25 06:56:39.365851
==================================================================


==================================================
Going LONG.

[]
==================================================/n

****END OF CYCLE****


2021-01-25 06:56:53.388063
==================================================================
NUMBER OF TICKS: 0 |NUMBER OF BARS: 18

==================================================================
MOST RECENT DATA
         Mid   Returns  Direction
13  33519.61 -0.000684         -1
14  33500.01 -0.000585         -1
15  33485.90 -0.000421         -1
16  33475.16 -0.000321         -1
17  33473.16 -0.000060         -1

==================================================================
features: [[ 1 -1 -1 -1 -1]]
position:  1
signal:    1


2021-01-25 06:56:53.395780
==================================================================
no trade placed

****END OF CYCLE****


2021-01-25 06:57:07.419385
==================================================================
NUMBER OF TICKS: 0 |NUMBER OF BARS: 19

==================================================================
MOST RECENT DATA
         Mid   Returns  Direction
14  33500.01 -0.000585         -1
15  33485.90 -0.000421         -1
16  33475.16 -0.000321         -1
17  33473.16 -0.000060         -1
18  33446.24 -0.000805         -1

==================================================================
features: [[-1 -1 -1 -1 -1]]
position:  1
signal:    -1


2021-01-25 06:57:07.596342
==================================================================


==================================================
Going SHORT.

[]
==================================================/n

****END OF CYCLE****


2021-01-25 06:57:21.624857
==================================================================
NUMBER OF TICKS: 0 |NUMBER OF BARS: 20

==================================================================
MOST RECENT DATA
         Mid   Returns  Direction
15  33485.90 -0.000421         -1
16  33475.16 -0.000321         -1
17  33473.16 -0.000060         -1
18  33446.24 -0.000805         -1
19  33440.22 -0.000180         -1

==================================================================
features: [[-1 -1 -1 -1 -1]]
position:  -1
signal:    -1


2021-01-25 06:57:21.635200
==================================================================
no trade placed

****END OF CYCLE****


2021-01-25 06:57:35.660304
==================================================================
NUMBER OF TICKS: 0 |NUMBER OF BARS: 21

==================================================================
MOST RECENT DATA
         Mid   Returns  Direction
16  33475.16 -0.000321         -1
17  33473.16 -0.000060         -1
18  33446.24 -0.000805         -1
19  33440.22 -0.000180         -1
20  33463.19  0.000687          1

==================================================================
features: [[-1 -1 -1 -1 -1]]
position:  -1
signal:    -1


2021-01-25 06:57:35.669677
==================================================================
no trade placed

****END OF CYCLE****


2021-01-25 06:57:49.693079
==================================================================
NUMBER OF TICKS: 0 |NUMBER OF BARS: 22

==================================================================
MOST RECENT DATA
         Mid   Returns  Direction
17  33473.16 -0.000060         -1
18  33446.24 -0.000805         -1
19  33440.22 -0.000180         -1
20  33463.19  0.000687          1
21  33465.76  0.000077          1

==================================================================
features: [[-1 -1 -1 -1  1]]
position:  -1
signal:    -1


2021-01-25 06:57:49.702093
==================================================================
no trade placed

****END OF CYCLE****


2021-01-25 07:02:13.273541
==================================================================
NUMBER OF TICKS: 0 |NUMBER OF BARS: 7

==================================================================
MOST RECENT DATA
        Mid  Returns  Direction
2  33427.11      0.0         -1
3  33427.11      0.0         -1
4  33427.11      0.0         -1
5  33427.11      0.0         -1
6  33427.11      0.0         -1

==================================================================
features: [[-1 -1 -1 -1 -1]]
position:  0
signal:    -1


2021-01-25 07:02:13.440840
==================================================================


==================================================
Going SHORT.

[]
==================================================/n

****END OF CYCLE****


2021-01-25 07:02:28.465163
==================================================================
NUMBER OF TICKS: 0 |NUMBER OF BARS: 8

==================================================================
MOST RECENT DATA
        Mid   Returns  Direction
3  33427.11  0.000000         -1
4  33427.11  0.000000         -1
5  33427.11  0.000000         -1
6  33427.11  0.000000         -1
7  33419.99 -0.000213         -1

==================================================================
features: [[-1 -1 -1 -1 -1]]
position:  -1
signal:    -1


2021-01-25 07:02:28.474118
==================================================================
no trade placed

****END OF CYCLE****


2021-01-25 07:02:43.498381
==================================================================
NUMBER OF TICKS: 0 |NUMBER OF BARS: 9

==================================================================
MOST RECENT DATA
        Mid   Returns  Direction
4  33427.11  0.000000         -1
5  33427.11  0.000000         -1
6  33427.11  0.000000         -1
7  33419.99 -0.000213         -1
8  33432.40  0.000371          1

==================================================================
features: [[-1 -1 -1 -1 -1]]
position:  -1
signal:    -1


2021-01-25 07:02:43.507085
==================================================================
no trade placed

****END OF CYCLE****


2021-01-25 07:02:58.531299
==================================================================
NUMBER OF TICKS: 0 |NUMBER OF BARS: 10

==================================================================
MOST RECENT DATA
        Mid   Returns  Direction
5  33427.11  0.000000         -1
6  33427.11  0.000000         -1
7  33419.99 -0.000213         -1
8  33432.40  0.000371          1
9  33442.78  0.000310          1

==================================================================
features: [[-1 -1 -1 -1  1]]
position:  -1
signal:    -1


2021-01-25 07:02:58.539054
==================================================================
no trade placed

****END OF CYCLE****


2021-01-25 07:03:13.564605
==================================================================
NUMBER OF TICKS: 0 |NUMBER OF BARS: 11

==================================================================
MOST RECENT DATA
         Mid   Returns  Direction
6   33427.11  0.000000         -1
7   33419.99 -0.000213         -1
8   33432.40  0.000371          1
9   33442.78  0.000310          1
10  33478.22  0.001059          1

==================================================================
features: [[-1 -1 -1  1  1]]
position:  -1
signal:    -1


2021-01-25 07:03:13.574219
==================================================================
no trade placed

****END OF CYCLE****


2021-01-25 07:03:28.599648
==================================================================
NUMBER OF TICKS: 0 |NUMBER OF BARS: 12

==================================================================
MOST RECENT DATA
         Mid   Returns  Direction
7   33419.99 -0.000213         -1
8   33432.40  0.000371          1
9   33442.78  0.000310          1
10  33478.22  0.001059          1
11  33479.23  0.000030          1

==================================================================
features: [[-1 -1  1  1  1]]
position:  -1
signal:    -1


2021-01-25 07:03:28.622688
==================================================================
no trade placed

****END OF CYCLE****


2021-01-25 07:03:43.649790
==================================================================
NUMBER OF TICKS: 0 |NUMBER OF BARS: 13

==================================================================
MOST RECENT DATA
         Mid   Returns  Direction
8   33432.40  0.000371          1
9   33442.78  0.000310          1
10  33478.22  0.001059          1
11  33479.23  0.000030          1
12  33482.72  0.000104          1

==================================================================
features: [[-1  1  1  1  1]]
position:  -1
signal:    -1


2021-01-25 07:03:43.659331
==================================================================
no trade placed

****END OF CYCLE****


2021-01-25 07:03:58.683494
==================================================================
NUMBER OF TICKS: 0 |NUMBER OF BARS: 14

==================================================================
MOST RECENT DATA
         Mid   Returns  Direction
9   33442.78  0.000310          1
10  33478.22  0.001059          1
11  33479.23  0.000030          1
12  33482.72  0.000104          1
13  33482.97  0.000007          1

==================================================================
features: [[1 1 1 1 1]]
position:  -1
signal:    1


2021-01-25 07:03:59.152757
==================================================================


==================================================
Going LONG.

[]
==================================================/n

****END OF CYCLE****


2021-01-25 07:04:14.184172
==================================================================
NUMBER OF TICKS: 0 |NUMBER OF BARS: 15

==================================================================
MOST RECENT DATA
         Mid   Returns  Direction
10  33478.22  0.001059          1
11  33479.23  0.000030          1
12  33482.72  0.000104          1
13  33482.97  0.000007          1
14  33484.64  0.000050          1

==================================================================
features: [[1 1 1 1 1]]
position:  1
signal:    1


2021-01-25 07:04:14.195254
==================================================================
no trade placed

****END OF CYCLE****


2021-01-25 07:04:29.223011
==================================================================
NUMBER OF TICKS: 0 |NUMBER OF BARS: 16

==================================================================
MOST RECENT DATA
         Mid   Returns  Direction
11  33479.23  0.000030          1
12  33482.72  0.000104          1
13  33482.97  0.000007          1
14  33484.64  0.000050          1
15  33481.18 -0.000103         -1

==================================================================
features: [[1 1 1 1 1]]
position:  1
signal:    1


2021-01-25 07:04:29.233903
==================================================================
no trade placed

****END OF CYCLE****


2021-01-25 07:04:44.260532
==================================================================
NUMBER OF TICKS: 0 |NUMBER OF BARS: 17

==================================================================
MOST RECENT DATA
         Mid   Returns  Direction
12  33482.72  0.000104          1
13  33482.97  0.000007          1
14  33484.64  0.000050          1
15  33481.18 -0.000103         -1
16  33478.99 -0.000065         -1

==================================================================
features: [[ 1  1  1  1 -1]]
position:  1
signal:    1


2021-01-25 07:04:44.269126
==================================================================
no trade placed

****END OF CYCLE****


2021-01-25 07:04:59.295497
==================================================================
NUMBER OF TICKS: 0 |NUMBER OF BARS: 18

==================================================================
MOST RECENT DATA
         Mid   Returns  Direction
13  33482.97  0.000007          1
14  33484.64  0.000050          1
15  33481.18 -0.000103         -1
16  33478.99 -0.000065         -1
17  33450.55 -0.000850         -1

==================================================================
features: [[ 1  1  1 -1 -1]]
position:  1
signal:    1


2021-01-25 07:04:59.302312
==================================================================
no trade placed

****END OF CYCLE****


2021-01-25 07:05:14.330500
==================================================================
NUMBER OF TICKS: 0 |NUMBER OF BARS: 19

==================================================================
MOST RECENT DATA
         Mid   Returns  Direction
14  33484.64  0.000050          1
15  33481.18 -0.000103         -1
16  33478.99 -0.000065         -1
17  33450.55 -0.000850         -1
18  33472.26  0.000649          1

==================================================================
features: [[ 1  1 -1 -1 -1]]
position:  1
signal:    1


2021-01-25 07:05:14.341000
==================================================================
no trade placed

****END OF CYCLE****


2021-01-25 07:05:29.365656
==================================================================
NUMBER OF TICKS: 0 |NUMBER OF BARS: 20

==================================================================
MOST RECENT DATA
         Mid   Returns  Direction
15  33481.18 -0.000103         -1
16  33478.99 -0.000065         -1
17  33450.55 -0.000850         -1
18  33472.26  0.000649          1
19  33480.51  0.000246          1

==================================================================
features: [[ 1 -1 -1 -1  1]]
position:  1
signal:    1


2021-01-25 07:05:29.376878
==================================================================
no trade placed

****END OF CYCLE****


2021-01-25 07:05:44.405867
==================================================================
NUMBER OF TICKS: 0 |NUMBER OF BARS: 21

==================================================================
MOST RECENT DATA
         Mid   Returns  Direction
16  33478.99 -0.000065         -1
17  33450.55 -0.000850         -1
18  33472.26  0.000649          1
19  33480.51  0.000246          1
20  33481.42  0.000027          1

==================================================================
features: [[-1 -1 -1  1  1]]
position:  1
signal:    -1


2021-01-25 07:05:44.570135
==================================================================


==================================================
Going SHORT.

[]
==================================================/n

****END OF CYCLE****


2021-01-25 07:05:59.597192
==================================================================
NUMBER OF TICKS: 0 |NUMBER OF BARS: 22

==================================================================
MOST RECENT DATA
         Mid   Returns  Direction
17  33450.55 -0.000850         -1
18  33472.26  0.000649          1
19  33480.51  0.000246          1
20  33481.42  0.000027          1
21  33478.93 -0.000074         -1

==================================================================
features: [[-1 -1  1  1  1]]
position:  -1
signal:    -1


2021-01-25 07:05:59.608136
==================================================================
no trade placed

****END OF CYCLE****


2021-01-25 07:07:29.048783
==================================================================
NUMBER OF TICKS: 0 |NUMBER OF BARS: 7

==================================================================
MOST RECENT DATA
        Mid  Returns  Direction
2  33458.54      0.0         -1
3  33458.54      0.0         -1
4  33458.54      0.0         -1
5  33458.54      0.0         -1
6  33458.54      0.0         -1

==================================================================
features: [[-1 -1 -1 -1 -1]]
position:  0
signal:    -1


2021-01-25 07:07:29.213245
==================================================================


==================================================
Going SHORT.

[]
==================================================/n

****END OF CYCLE****


2021-01-25 07:22:29.323008
==================================================================
NUMBER OF TICKS: 0 |NUMBER OF BARS: 8

==================================================================
MOST RECENT DATA
        Mid   Returns  Direction
3  33458.54  0.000000         -1
4  33458.54  0.000000         -1
5  33458.54  0.000000         -1
6  33458.54  0.000000         -1
7  33233.87 -0.006738         -1

==================================================================
features: [[-1 -1 -1 -1 -1]]
position:  -1
signal:    -1


2021-01-25 07:22:29.330158
==================================================================
no trade placed

****END OF CYCLE****


2021-01-25 07:37:29.443327
==================================================================
NUMBER OF TICKS: 0 |NUMBER OF BARS: 9

==================================================================
MOST RECENT DATA
        Mid   Returns  Direction
4  33458.54  0.000000         -1
5  33458.54  0.000000         -1
6  33458.54  0.000000         -1
7  33233.87 -0.006738         -1
8  33295.92  0.001865          1

==================================================================
features: [[-1 -1 -1 -1 -1]]
position:  -1
signal:    -1


2021-01-25 07:37:29.453306
==================================================================
no trade placed

****END OF CYCLE****


2021-01-25 07:52:29.562964
==================================================================
NUMBER OF TICKS: 0 |NUMBER OF BARS: 10

==================================================================
MOST RECENT DATA
        Mid   Returns  Direction
5  33458.54  0.000000         -1
6  33458.54  0.000000         -1
7  33233.87 -0.006738         -1
8  33295.92  0.001865          1
9  33177.24 -0.003571         -1

==================================================================
features: [[-1 -1 -1 -1  1]]
position:  -1
signal:    -1


2021-01-25 07:52:29.570794
==================================================================
no trade placed

****END OF CYCLE****


2021-01-25 08:07:29.684457
==================================================================
NUMBER OF TICKS: 0 |NUMBER OF BARS: 11

==================================================================
MOST RECENT DATA
         Mid   Returns  Direction
6   33458.54  0.000000         -1
7   33233.87 -0.006738         -1
8   33295.92  0.001865          1
9   33177.24 -0.003571         -1
10  33371.99  0.005853          1

==================================================================
features: [[-1 -1 -1  1 -1]]
position:  -1
signal:    -1


2021-01-25 08:07:29.695011
==================================================================
no trade placed

****END OF CYCLE****


2021-01-25 08:22:29.718803
==================================================================
NUMBER OF TICKS: 0 |NUMBER OF BARS: 12

==================================================================
MOST RECENT DATA
         Mid   Returns  Direction
7   33233.87 -0.006738         -1
8   33295.92  0.001865          1
9   33177.24 -0.003571         -1
10  33371.99  0.005853          1
11  33308.24 -0.001912         -1

==================================================================
features: [[-1 -1  1 -1  1]]
position:  -1
signal:    -1


2021-01-25 08:22:29.731094
==================================================================
no trade placed

****END OF CYCLE****


2021-01-25 08:37:29.841738
==================================================================
NUMBER OF TICKS: 0 |NUMBER OF BARS: 13

==================================================================
MOST RECENT DATA
         Mid   Returns  Direction
8   33295.92  0.001865          1
9   33177.24 -0.003571         -1
10  33371.99  0.005853          1
11  33308.24 -0.001912         -1
12  33326.02  0.000534          1

==================================================================
features: [[-1  1 -1  1 -1]]
position:  -1
signal:    -1


2021-01-25 08:37:29.849423
==================================================================
no trade placed

****END OF CYCLE****


2021-01-25 08:52:29.882363
==================================================================
NUMBER OF TICKS: 0 |NUMBER OF BARS: 14

==================================================================
MOST RECENT DATA
         Mid   Returns  Direction
9   33177.24 -0.003571         -1
10  33371.99  0.005853          1
11  33308.24 -0.001912         -1
12  33326.02  0.000534          1
13  33390.41  0.001930          1

==================================================================
features: [[ 1 -1  1 -1  1]]
position:  -1
signal:    1


2021-01-25 08:52:30.106920
==================================================================


==================================================
Going LONG.

[]
==================================================/n

****END OF CYCLE****


2021-01-25 09:07:30.217055
==================================================================
NUMBER OF TICKS: 0 |NUMBER OF BARS: 15

==================================================================
MOST RECENT DATA
         Mid   Returns  Direction
10  33371.99  0.005853          1
11  33308.24 -0.001912         -1
12  33326.02  0.000534          1
13  33390.41  0.001930          1
14  33442.74  0.001566          1

==================================================================
features: [[-1  1 -1  1  1]]
position:  1
signal:    -1


2021-01-25 09:07:30.413222
==================================================================


==================================================
Going SHORT.

[]
==================================================/n

****END OF CYCLE****


2021-01-25 09:22:30.519371
==================================================================
NUMBER OF TICKS: 0 |NUMBER OF BARS: 16

==================================================================
MOST RECENT DATA
         Mid   Returns  Direction
11  33308.24 -0.001912         -1
12  33326.02  0.000534          1
13  33390.41  0.001930          1
14  33442.74  0.001566          1
15  33212.92 -0.006896         -1

==================================================================
features: [[ 1 -1  1  1  1]]
position:  -1
signal:    1


2021-01-25 09:22:31.006221
==================================================================


==================================================
Going LONG.

[]
==================================================/n

****END OF CYCLE****


2021-01-25 09:37:31.121757
==================================================================
NUMBER OF TICKS: 0 |NUMBER OF BARS: 17

==================================================================
MOST RECENT DATA
         Mid   Returns  Direction
12  33326.02  0.000534          1
13  33390.41  0.001930          1
14  33442.74  0.001566          1
15  33212.92 -0.006896         -1
16  33209.14 -0.000114         -1

==================================================================
features: [[-1  1  1  1 -1]]
position:  1
signal:    -1


2021-01-25 09:37:31.325485
==================================================================


==================================================
Going SHORT.

[]
==================================================/n

****END OF CYCLE****


2021-01-25 09:52:31.435468
==================================================================
NUMBER OF TICKS: 0 |NUMBER OF BARS: 18

==================================================================
MOST RECENT DATA
         Mid   Returns  Direction
13  33390.41  0.001930          1
14  33442.74  0.001566          1
15  33212.92 -0.006896         -1
16  33209.14 -0.000114         -1
17  33057.96 -0.004563         -1

==================================================================
features: [[ 1  1  1 -1 -1]]
position:  -1
signal:    1


2021-01-25 09:52:31.630399
==================================================================


==================================================
Going LONG.

[]
==================================================/n

****END OF CYCLE****


2021-01-25 10:07:31.741416
==================================================================
NUMBER OF TICKS: 0 |NUMBER OF BARS: 19

==================================================================
MOST RECENT DATA
         Mid   Returns  Direction
14  33442.74  0.001566          1
15  33212.92 -0.006896         -1
16  33209.14 -0.000114         -1
17  33057.96 -0.004563         -1
18  33033.59 -0.000737         -1

==================================================================
features: [[ 1  1 -1 -1 -1]]
position:  1
signal:    1


2021-01-25 10:07:31.750294
==================================================================
no trade placed

****END OF CYCLE****


2021-01-25 10:22:31.865928
==================================================================
NUMBER OF TICKS: 0 |NUMBER OF BARS: 20

==================================================================
MOST RECENT DATA
         Mid   Returns  Direction
15  33212.92 -0.006896         -1
16  33209.14 -0.000114         -1
17  33057.96 -0.004563         -1
18  33033.59 -0.000737         -1
19  33084.57  0.001542          1

==================================================================
features: [[ 1 -1 -1 -1 -1]]
position:  1
signal:    1


2021-01-25 10:22:31.878281
==================================================================
no trade placed

****END OF CYCLE****


2021-01-25 10:37:31.958990
==================================================================
NUMBER OF TICKS: 0 |NUMBER OF BARS: 21

==================================================================
MOST RECENT DATA
         Mid   Returns  Direction
16  33209.14 -0.000114         -1
17  33057.96 -0.004563         -1
18  33033.59 -0.000737         -1
19  33084.57  0.001542          1
20  33086.37  0.000054          1

==================================================================
features: [[-1 -1 -1 -1  1]]
position:  1
signal:    -1


2021-01-25 10:37:32.165604
==================================================================


==================================================
Going SHORT.

[]
==================================================/n

****END OF CYCLE****


2021-01-25 10:52:32.276369
==================================================================
NUMBER OF TICKS: 0 |NUMBER OF BARS: 22

==================================================================
MOST RECENT DATA
         Mid   Returns  Direction
17  33057.96 -0.004563         -1
18  33033.59 -0.000737         -1
19  33084.57  0.001542          1
20  33086.37  0.000054          1
21  33137.03  0.001530          1

==================================================================
features: [[-1 -1 -1  1  1]]
position:  -1
signal:    -1


2021-01-25 10:52:32.286444
==================================================================
no trade placed

****END OF CYCLE****


2021-01-25 11:07:32.397240
==================================================================
NUMBER OF TICKS: 0 |NUMBER OF BARS: 23

==================================================================
MOST RECENT DATA
         Mid   Returns  Direction
18  33033.59 -0.000737         -1
19  33084.57  0.001542          1
20  33086.37  0.000054          1
21  33137.03  0.001530          1
22  33157.84  0.000628          1

==================================================================
features: [[-1 -1  1  1  1]]
position:  -1
signal:    -1


2021-01-25 11:07:32.416307
==================================================================
no trade placed

****END OF CYCLE****


2021-01-25 11:22:32.529621
==================================================================
NUMBER OF TICKS: 0 |NUMBER OF BARS: 24

==================================================================
MOST RECENT DATA
         Mid   Returns  Direction
19  33084.57  0.001542          1
20  33086.37  0.000054          1
21  33137.03  0.001530          1
22  33157.84  0.000628          1
23  33160.31  0.000074          1

==================================================================
features: [[-1  1  1  1  1]]
position:  -1
signal:    -1


2021-01-25 11:22:32.539740
==================================================================
no trade placed

****END OF CYCLE****


2021-01-25 11:37:32.650586
==================================================================
NUMBER OF TICKS: 0 |NUMBER OF BARS: 25

==================================================================
MOST RECENT DATA
         Mid   Returns  Direction
20  33086.37  0.000054          1
21  33137.03  0.001530          1
22  33157.84  0.000628          1
23  33160.31  0.000074          1
24  33183.43  0.000697          1

==================================================================
features: [[1 1 1 1 1]]
position:  -1
signal:    1


2021-01-25 11:37:32.838527
==================================================================


==================================================
Going LONG.

[]
==================================================/n

****END OF CYCLE****


2021-01-25 11:52:32.950013
==================================================================
NUMBER OF TICKS: 0 |NUMBER OF BARS: 26

==================================================================
MOST RECENT DATA
         Mid   Returns  Direction
21  33137.03  0.001530          1
22  33157.84  0.000628          1
23  33160.31  0.000074          1
24  33183.43  0.000697          1
25  33205.66  0.000670          1

==================================================================
features: [[1 1 1 1 1]]
position:  1
signal:    1


2021-01-25 11:52:32.958711
==================================================================
no trade placed

****END OF CYCLE****


2021-01-25 12:07:33.068608
==================================================================
NUMBER OF TICKS: 0 |NUMBER OF BARS: 27

==================================================================
MOST RECENT DATA
         Mid   Returns  Direction
22  33157.84  0.000628          1
23  33160.31  0.000074          1
24  33183.43  0.000697          1
25  33205.66  0.000670          1
26  33138.51 -0.002024         -1

==================================================================
features: [[1 1 1 1 1]]
position:  1
signal:    1


2021-01-25 12:07:33.076617
==================================================================
no trade placed

****END OF CYCLE****


2021-01-25 12:22:33.140702
==================================================================
NUMBER OF TICKS: 0 |NUMBER OF BARS: 28

==================================================================
MOST RECENT DATA
         Mid   Returns  Direction
23  33160.31  0.000074          1
24  33183.43  0.000697          1
25  33205.66  0.000670          1
26  33138.51 -0.002024         -1
27  33624.99  0.014573          1

==================================================================
features: [[ 1  1  1  1 -1]]
position:  1
signal:    1


2021-01-25 12:22:33.147773
==================================================================
no trade placed

****END OF CYCLE****


2021-01-25 12:37:33.259640
==================================================================
NUMBER OF TICKS: 0 |NUMBER OF BARS: 29

==================================================================
MOST RECENT DATA
         Mid   Returns  Direction
24  33183.43  0.000697          1
25  33205.66  0.000670          1
26  33138.51 -0.002024         -1
27  33624.99  0.014573          1
28  33569.22 -0.001660         -1

==================================================================
features: [[ 1  1  1 -1  1]]
position:  1
signal:    1


2021-01-25 12:37:33.269105
==================================================================
no trade placed

****END OF CYCLE****


2021-01-25 12:52:33.379183
==================================================================
NUMBER OF TICKS: 0 |NUMBER OF BARS: 30

==================================================================
MOST RECENT DATA
         Mid   Returns  Direction
25  33205.66  0.000670          1
26  33138.51 -0.002024         -1
27  33624.99  0.014573          1
28  33569.22 -0.001660         -1
29  34151.04  0.017183          1

==================================================================
features: [[ 1  1 -1  1 -1]]
position:  1
signal:    1


2021-01-25 12:52:33.387399
==================================================================
no trade placed

****END OF CYCLE****


2021-01-25 13:07:33.500862
==================================================================
NUMBER OF TICKS: 0 |NUMBER OF BARS: 31

==================================================================
MOST RECENT DATA
         Mid   Returns  Direction
26  33138.51 -0.002024         -1
27  33624.99  0.014573          1
28  33569.22 -0.001660         -1
29  34151.04  0.017183          1
30  34220.00  0.002017          1

==================================================================
features: [[ 1 -1  1 -1  1]]
position:  1
signal:    1


2021-01-25 13:07:33.511724
==================================================================
no trade placed

****END OF CYCLE****


2021-01-25 13:22:33.531785
==================================================================
NUMBER OF TICKS: 0 |NUMBER OF BARS: 32

==================================================================
MOST RECENT DATA
         Mid   Returns  Direction
27  33624.99  0.014573          1
28  33569.22 -0.001660         -1
29  34151.04  0.017183          1
30  34220.00  0.002017          1
31  34399.98  0.005246          1

==================================================================
features: [[-1  1 -1  1  1]]
position:  1
signal:    -1


2021-01-25 13:22:33.763417
==================================================================


==================================================
Going SHORT.

[]
==================================================/n

****END OF CYCLE****


2021-01-25 13:37:33.872663
==================================================================
NUMBER OF TICKS: 0 |NUMBER OF BARS: 33

==================================================================
MOST RECENT DATA
         Mid   Returns  Direction
28  33569.22 -0.001660         -1
29  34151.04  0.017183          1
30  34220.00  0.002017          1
31  34399.98  0.005246          1
32  34522.02  0.003541          1

==================================================================
features: [[ 1 -1  1  1  1]]
position:  -1
signal:    1


2021-01-25 13:37:34.382006
==================================================================


==================================================
Going LONG.

[]
==================================================/n

****END OF CYCLE****


2021-01-25 13:52:34.496713
==================================================================
NUMBER OF TICKS: 0 |NUMBER OF BARS: 34

==================================================================
MOST RECENT DATA
         Mid   Returns  Direction
29  34151.04  0.017183          1
30  34220.00  0.002017          1
31  34399.98  0.005246          1
32  34522.02  0.003541          1
33  34620.00  0.002834          1

==================================================================
features: [[-1  1  1  1  1]]
position:  1
signal:    -1


2021-01-25 13:52:34.744144
==================================================================


==================================================
Going SHORT.

[]
==================================================/n

****END OF CYCLE****


2021-01-25 14:07:34.856548
==================================================================
NUMBER OF TICKS: 0 |NUMBER OF BARS: 35

==================================================================
MOST RECENT DATA
         Mid   Returns  Direction
30  34220.00  0.002017          1
31  34399.98  0.005246          1
32  34522.02  0.003541          1
33  34620.00  0.002834          1
34  34620.00  0.000000         -1

==================================================================
features: [[1 1 1 1 1]]
position:  -1
signal:    1


2021-01-25 14:07:35.090921
==================================================================


==================================================
Going LONG.

[]
==================================================/n

****END OF CYCLE****


2021-01-25 14:22:35.156831
==================================================================
NUMBER OF TICKS: 0 |NUMBER OF BARS: 36

==================================================================
MOST RECENT DATA
         Mid   Returns  Direction
31  34399.98  0.005246          1
32  34522.02  0.003541          1
33  34620.00  0.002834          1
34  34620.00  0.000000         -1
35  34620.00  0.000000         -1

==================================================================
features: [[ 1  1  1  1 -1]]
position:  1
signal:    1


2021-01-25 14:22:35.164063
==================================================================
no trade placed

****END OF CYCLE****


2021-01-25 14:37:35.273646
==================================================================
NUMBER OF TICKS: 0 |NUMBER OF BARS: 37

==================================================================
MOST RECENT DATA
         Mid   Returns  Direction
32  34522.02  0.003541          1
33  34620.00  0.002834          1
34  34620.00  0.000000         -1
35  34620.00  0.000000         -1
36  34620.00  0.000000         -1

==================================================================
features: [[ 1  1  1 -1 -1]]
position:  1
signal:    1


2021-01-25 14:37:35.281057
==================================================================
no trade placed

****END OF CYCLE****


2021-01-25 14:52:35.389864
==================================================================
NUMBER OF TICKS: 0 |NUMBER OF BARS: 38

==================================================================
MOST RECENT DATA
        Mid   Returns  Direction
33  34620.0  0.002834          1
34  34620.0  0.000000         -1
35  34620.0  0.000000         -1
36  34620.0  0.000000         -1
37  34620.0  0.000000         -1

==================================================================
features: [[ 1  1 -1 -1 -1]]
position:  1
signal:    1


2021-01-25 14:52:35.397568
==================================================================
no trade placed

****END OF CYCLE****


2021-01-25 15:07:35.507293
==================================================================
NUMBER OF TICKS: 0 |NUMBER OF BARS: 39

==================================================================
MOST RECENT DATA
        Mid  Returns  Direction
34  34620.0      0.0         -1
35  34620.0      0.0         -1
36  34620.0      0.0         -1
37  34620.0      0.0         -1
38  34620.0      0.0         -1

==================================================================
features: [[ 1 -1 -1 -1 -1]]
position:  1
signal:    1


2021-01-25 15:07:35.514777
==================================================================
no trade placed

****END OF CYCLE****


2021-01-25 15:22:35.626521
==================================================================
NUMBER OF TICKS: 0 |NUMBER OF BARS: 40

==================================================================
MOST RECENT DATA
        Mid  Returns  Direction
35  34620.0      0.0         -1
36  34620.0      0.0         -1
37  34620.0      0.0         -1
38  34620.0      0.0         -1
39  34620.0      0.0         -1

==================================================================
features: [[-1 -1 -1 -1 -1]]
position:  1
signal:    -1


2021-01-25 15:22:35.940978
==================================================================


==================================================
Going SHORT.

[]
==================================================/n

****END OF CYCLE****


2021-01-25 15:37:36.049705
==================================================================
NUMBER OF TICKS: 0 |NUMBER OF BARS: 41

==================================================================
MOST RECENT DATA
        Mid  Returns  Direction
36  34620.0      0.0         -1
37  34620.0      0.0         -1
38  34620.0      0.0         -1
39  34620.0      0.0         -1
40  34620.0      0.0         -1

==================================================================
features: [[-1 -1 -1 -1 -1]]
position:  -1
signal:    -1


2021-01-25 15:37:36.057981
==================================================================
no trade placed

****END OF CYCLE****


2021-01-25 15:52:36.167783
==================================================================
NUMBER OF TICKS: 0 |NUMBER OF BARS: 42

==================================================================
MOST RECENT DATA
        Mid  Returns  Direction
37  34620.0      0.0         -1
38  34620.0      0.0         -1
39  34620.0      0.0         -1
40  34620.0      0.0         -1
41  34620.0      0.0         -1

==================================================================
features: [[-1 -1 -1 -1 -1]]
position:  -1
signal:    -1


2021-01-25 15:52:36.176193
==================================================================
no trade placed

****END OF CYCLE****


2021-01-25 18:48:41.122106
==================================================================
NUMBER OF TICKS: 0 |NUMBER OF BARS: 7

==================================================================
MOST RECENT DATA
        Mid  Returns  Direction
2  33567.87      0.0         -1
3  33567.87      0.0         -1
4  33567.87      0.0         -1
5  33567.87      0.0         -1
6  33567.87      0.0         -1

==================================================================
features: [[-1 -1 -1 -1 -1]]
position:  0
signal:    -1


2021-01-25 18:48:41.303081
==================================================================


==================================================
Going SHORT.

[]
==================================================/n

****END OF CYCLE****


2021-01-25 19:03:41.415784
==================================================================
NUMBER OF TICKS: 0 |NUMBER OF BARS: 8

==================================================================
MOST RECENT DATA
        Mid   Returns  Direction
3  33567.87  0.000000         -1
4  33567.87  0.000000         -1
5  33567.87  0.000000         -1
6  33567.87  0.000000         -1
7  33648.51  0.002399          1

==================================================================
features: [[-1 -1 -1 -1 -1]]
position:  -1
signal:    -1


2021-01-25 19:03:41.425667
==================================================================
no trade placed

****END OF CYCLE****


2021-01-25 19:18:41.541262
==================================================================
NUMBER OF TICKS: 0 |NUMBER OF BARS: 9

==================================================================
MOST RECENT DATA
        Mid   Returns  Direction
4  33567.87  0.000000         -1
5  33567.87  0.000000         -1
6  33567.87  0.000000         -1
7  33648.51  0.002399          1
8  33713.84  0.001940          1

==================================================================
features: [[-1 -1 -1 -1  1]]
position:  -1
signal:    -1


2021-01-25 19:18:41.553562
==================================================================
no trade placed

****END OF CYCLE****


2021-01-25 19:33:41.664056
==================================================================
NUMBER OF TICKS: 0 |NUMBER OF BARS: 10

==================================================================
MOST RECENT DATA
        Mid   Returns  Direction
5  33567.87  0.000000         -1
6  33567.87  0.000000         -1
7  33648.51  0.002399          1
8  33713.84  0.001940          1
9  33713.84  0.000000         -1

==================================================================
features: [[-1 -1 -1  1  1]]
position:  -1
signal:    -1


2021-01-25 19:33:41.674411
==================================================================
no trade placed

****END OF CYCLE****


2021-01-25 19:48:41.783228
==================================================================
NUMBER OF TICKS: 0 |NUMBER OF BARS: 11

==================================================================
MOST RECENT DATA
         Mid   Returns  Direction
6   33567.87  0.000000         -1
7   33648.51  0.002399          1
8   33713.84  0.001940          1
9   33713.84  0.000000         -1
10  33713.84  0.000000         -1

==================================================================
features: [[-1 -1  1  1 -1]]
position:  -1
signal:    -1


2021-01-25 19:48:41.795350
==================================================================
no trade placed

****END OF CYCLE****


2021-01-25 20:03:41.911038
==================================================================
NUMBER OF TICKS: 0 |NUMBER OF BARS: 12

==================================================================
MOST RECENT DATA
         Mid   Returns  Direction
7   33648.51  0.002399          1
8   33713.84  0.001940          1
9   33713.84  0.000000         -1
10  33713.84  0.000000         -1
11  33713.84  0.000000         -1

==================================================================
features: [[-1  1  1 -1 -1]]
position:  -1
signal:    -1


2021-01-25 20:03:41.922618
==================================================================
no trade placed

****END OF CYCLE****


2021-01-25 20:18:42.038606
==================================================================
NUMBER OF TICKS: 0 |NUMBER OF BARS: 13

==================================================================
MOST RECENT DATA
         Mid  Returns  Direction
8   33713.84  0.00194          1
9   33713.84  0.00000         -1
10  33713.84  0.00000         -1
11  33713.84  0.00000         -1
12  33713.84  0.00000         -1

==================================================================
features: [[ 1  1 -1 -1 -1]]
position:  -1
signal:    1


2021-01-25 20:18:42.522050
==================================================================


==================================================
Going LONG.

[]
==================================================/n

****END OF CYCLE****


2021-01-25 20:33:42.635233
==================================================================
NUMBER OF TICKS: 0 |NUMBER OF BARS: 14

==================================================================
MOST RECENT DATA
         Mid  Returns  Direction
9   33713.84      0.0         -1
10  33713.84      0.0         -1
11  33713.84      0.0         -1
12  33713.84      0.0         -1
13  33713.84      0.0         -1

==================================================================
features: [[ 1 -1 -1 -1 -1]]
position:  1
signal:    1


2021-01-25 20:33:42.646372
==================================================================
no trade placed

****END OF CYCLE****

,2021-01-26 05:15:02.361404,===,NUMBER OF TICKS: 49109 |NUMBER OF BARS: 7,===,MOST RECENT DATA
                          Mid       Returns  Direction
time                                                  
2021-01-26 04:30:00  31772.55  1.113215e-03          1
2021-01-26 04:45:00  31958.97  5.850183e-03          1
2021-01-26 05:00:00  32031.85  2.277828e-03          1
2021-01-26 05:15:00  31960.88 -2.218065e-03         -1
2021-01-26 05:30:00  31960.87 -3.128825e-07         -1,===,
features: [[ 1  1  1  1 -1]],position:  0,signal:    1,,,2021-01-26 05:15:02.612339,===,,Going LONG,,,[],,,,****END OF CYCLE****,,,2021-01-26 05:30:03.286432,===,NUMBER OF TICKS: 53376 |NUMBER OF BARS: 8,===,MOST RECENT DATA
                          Mid   Returns  Direction
time                                              
2021-01-26 04:45:00  31958.97  0.005850          1
2021-01-26 05:00:00  32031.85  0.002278          1
2021-01-26 05:15:00  31960.88 -0.002218         -1
2021-01-26 05:30:00  31923.97 -0.001156         -1
2021-01-26 05:45:00  31916.38 -0.000238         -1,===,
features: [[ 1  1  1 -1 -1]],position:  1,signal:    1,,,2021-01-26 05:30:03.297914,===,no trade placed,,,****END OF CYCLE****,,,2021-01-26 05:45:00.763565,===,NUMBER OF TICKS: 57214 |NUMBER OF BARS: 9,===,MOST RECENT DATA
                          Mid   Returns  Direction
time                                              
2021-01-26 05:00:00  32031.85  0.002278          1
2021-01-26 05:15:00  31960.88 -0.002218         -1
2021-01-26 05:30:00  31923.97 -0.001156         -1
2021-01-26 05:45:00  32140.03  0.006745          1
2021-01-26 06:00:00  32141.37  0.000042          1,===,
features: [[ 1  1 -1 -1  1]],position:  1,signal:    1,,,2021-01-26 05:45:00.774372,===,no trade placed,,,****END OF CYCLE****,,,2021-01-26 06:00:00.775767,===,NUMBER OF TICKS: 60842 |NUMBER OF BARS: 10,===,MOST RECENT DATA
                          Mid   Returns  Direction
time                                              
2021-01-26 05:15:00  31960.88 -0.002218         -1
2021-01-26 05:30:00  31923.97 -0.001156         -1
2021-01-26 05:45:00  32140.03  0.006745          1
2021-01-26 06:00:00  32090.10 -0.001555         -1
2021-01-26 06:15:00  32090.65  0.000017          1,===,
features: [[ 1 -1 -1  1 -1]],position:  1,signal:    1,,,2021-01-26 06:00:00.785760,===,no trade placed,,,****END OF CYCLE****,,,2021-01-26 06:15:00.934515,===,NUMBER OF TICKS: 63829 |NUMBER OF BARS: 11,===,MOST RECENT DATA
                          Mid   Returns  Direction
time                                              
2021-01-26 05:30:00  31923.97 -0.001156         -1
2021-01-26 05:45:00  32140.03  0.006745          1
2021-01-26 06:00:00  32090.10 -0.001555         -1
2021-01-26 06:15:00  31873.27 -0.006780         -1
2021-01-26 06:30:00  31861.17 -0.000380         -1,===,
features: [[-1 -1  1 -1 -1]],position:  1,signal:    -1,,,2021-01-26 06:15:01.134541,===,,Going SHORT,,,[],,,,****END OF CYCLE****,,,2021-01-26 06:30:01.017379,===,NUMBER OF TICKS: 67001 |NUMBER OF BARS: 12,===,MOST RECENT DATA
                          Mid   Returns  Direction
time                                              
2021-01-26 05:45:00  32140.03  0.006745          1
2021-01-26 06:00:00  32090.10 -0.001555         -1
2021-01-26 06:15:00  31873.27 -0.006780         -1
2021-01-26 06:30:00  31812.33 -0.001914         -1
2021-01-26 06:45:00  31819.50  0.000225          1,===,
features: [[-1  1 -1 -1 -1]],position:  -1,signal:    -1,,,2021-01-26 06:30:01.032382,===,no trade placed,,,****END OF CYCLE****,,,2021-01-26 06:45:00.954700,===,NUMBER OF TICKS: 69914 |NUMBER OF BARS: 13,===,MOST RECENT DATA
                          Mid   Returns  Direction
time                                              
2021-01-26 06:00:00  32090.10 -0.001555         -1
2021-01-26 06:15:00  31873.27 -0.006780         -1
2021-01-26 06:30:00  31812.33 -0.001914         -1
2021-01-26 06:45:00  31535.54 -0.008739         -1
2021-01-26 07:00:00  31536.01  0.000015          1,===,
features: [[ 1 -1 -1 -1 -1]],position:  -1,signal:    1,,,2021-01-26 06:45:01.139134,===,,Going LONG,,,[],,,,****END OF CYCLE****,,,2021-01-26 07:00:01.396380,===,NUMBER OF TICKS: 72722 |NUMBER OF BARS: 14,===,MOST RECENT DATA
                          Mid   Returns  Direction
time                                              
2021-01-26 06:15:00  31873.27 -0.006780         -1
2021-01-26 06:30:00  31812.33 -0.001914         -1
2021-01-26 06:45:00  31535.54 -0.008739         -1
2021-01-26 07:00:00  31631.45  0.003037          1
2021-01-26 07:15:00  31607.80 -0.000748         -1,===,
features: [[-1 -1 -1 -1  1]],position:  1,signal:    -1,,,2021-01-26 07:00:01.616610,===,,Going SHORT,,,[],,,,****END OF CYCLE****,,,2021-01-26 07:15:00.659890,===,NUMBER OF TICKS: 75359 |NUMBER OF BARS: 15,===,MOST RECENT DATA
                          Mid   Returns  Direction
time                                              
2021-01-26 06:30:00  31812.33 -0.001914         -1
2021-01-26 06:45:00  31535.54 -0.008739         -1
2021-01-26 07:00:00  31631.45  0.003037          1
2021-01-26 07:15:00  31489.81 -0.004488         -1
2021-01-26 07:30:00  31489.81  0.000000         -1,===,
features: [[-1 -1 -1  1 -1]],position:  -1,signal:    -1,,,2021-01-26 07:15:00.672212,===,no trade placed,,,****END OF CYCLE****,,,2021-01-26 07:30:01.962314,===,NUMBER OF TICKS: 77910 |NUMBER OF BARS: 16,===,MOST RECENT DATA
                          Mid   Returns  Direction
time                                              
2021-01-26 06:45:00  31535.54 -0.008739         -1
2021-01-26 07:00:00  31631.45  0.003037          1
2021-01-26 07:15:00  31489.81 -0.004488         -1
2021-01-26 07:30:00  31294.61 -0.006218         -1
2021-01-26 07:45:00  31304.51  0.000316          1,===,
features: [[-1 -1  1 -1 -1]],position:  -1,signal:    -1,,,2021-01-26 07:30:01.972250,===,no trade placed,,,****END OF CYCLE****,,,2021-01-26 07:45:02.278413,===,NUMBER OF TICKS: 80286 |NUMBER OF BARS: 17,===,MOST RECENT DATA
                          Mid   Returns  Direction
time                                              
2021-01-26 07:00:00  31631.45  0.003037          1
2021-01-26 07:15:00  31489.81 -0.004488         -1
2021-01-26 07:30:00  31294.61 -0.006218         -1
2021-01-26 07:45:00  31368.35  0.002354          1
2021-01-26 08:00:00  31371.98  0.000116          1,===,
features: [[-1  1 -1 -1  1]],position:  -1,signal:    -1,,,2021-01-26 07:45:02.291486,===,no trade placed,,,****END OF CYCLE****,,,2021-01-26 08:00:00.782643,===,NUMBER OF TICKS: 82555 |NUMBER OF BARS: 18,===,MOST RECENT DATA
                          Mid   Returns  Direction
time                                              
2021-01-26 07:15:00  31489.81 -0.004488         -1
2021-01-26 07:30:00  31294.61 -0.006218         -1
2021-01-26 07:45:00  31368.35  0.002354          1
2021-01-26 08:00:00  31660.73  0.009278          1
2021-01-26 08:15:00  31667.79  0.000223          1,===,
features: [[ 1 -1 -1  1  1]],position:  -1,signal:    1,,,2021-01-26 08:00:00.976116,===,,Going LONG,,,[],,,,****END OF CYCLE****,,,2021-01-26 08:15:00.856383,===,NUMBER OF TICKS: 84754 |NUMBER OF BARS: 19,===,MOST RECENT DATA
                          Mid       Returns  Direction
time                                                  
2021-01-26 07:30:00  31294.61 -6.218123e-03         -1
2021-01-26 07:45:00  31368.35  2.353545e-03          1
2021-01-26 08:00:00  31660.73  9.277689e-03          1
2021-01-26 08:15:00  31620.00 -1.287280e-03         -1
2021-01-26 08:30:00  31620.01  3.162555e-07          1,===,
features: [[-1 -1  1  1 -1]],position:  1,signal:    -1,,,2021-01-26 08:15:01.036664,===,,Going SHORT,,,[],,,,****END OF CYCLE****,,,2021-01-26 08:30:01.658087,===,NUMBER OF TICKS: 86935 |NUMBER OF BARS: 20,===,MOST RECENT DATA
                          Mid   Returns  Direction
time                                              
2021-01-26 07:45:00  31368.35  0.002354          1
2021-01-26 08:00:00  31660.73  0.009278          1
2021-01-26 08:15:00  31620.00 -0.001287         -1
2021-01-26 08:30:00  31718.66  0.003115          1
2021-01-26 08:45:00  31724.63  0.000188          1,===,
features: [[-1  1  1 -1  1]],position:  -1,signal:    -1,,,2021-01-26 08:30:01.670173,===,no trade placed,,,****END OF CYCLE****,,,2021-01-26 08:45:01.739682,===,NUMBER OF TICKS: 89027 |NUMBER OF BARS: 21,===,MOST RECENT DATA
                          Mid   Returns  Direction
time                                              
2021-01-26 08:00:00  31660.73  0.009278          1
2021-01-26 08:15:00  31620.00 -0.001287         -1
2021-01-26 08:30:00  31718.66  0.003115          1
2021-01-26 08:45:00  31835.68  0.003683          1
2021-01-26 09:00:00  31831.13 -0.000143         -1,===,
features: [[ 1  1 -1  1  1]],position:  -1,signal:    1,,,2021-01-26 08:45:01.935506,===,,Going LONG,,,[],,,,****END OF CYCLE****,,,2021-01-26 09:00:00.874063,===,NUMBER OF TICKS: 91072 |NUMBER OF BARS: 22,===,MOST RECENT DATA
                          Mid   Returns  Direction
time                                              
2021-01-26 08:15:00  31620.00 -0.001287         -1
2021-01-26 08:30:00  31718.66  0.003115          1
2021-01-26 08:45:00  31835.68  0.003683          1
2021-01-26 09:00:00  31911.00  0.002363          1
2021-01-26 09:15:00  31911.00  0.000000         -1,===,
features: [[ 1 -1  1  1  1]],position:  1,signal:    1,,,2021-01-26 09:00:00.883574,===,no trade placed,,,****END OF CYCLE****,,,2021-01-26 09:15:00.899235,===,NUMBER OF TICKS: 92987 |NUMBER OF BARS: 23,===,MOST RECENT DATA
                          Mid   Returns  Direction
time                                              
2021-01-26 08:30:00  31718.66  0.003115          1
2021-01-26 08:45:00  31835.68  0.003683          1
2021-01-26 09:00:00  31911.00  0.002363          1
2021-01-26 09:15:00  31841.21 -0.002189         -1
2021-01-26 09:30:00  31832.28 -0.000280         -1,===,
features: [[-1  1  1  1 -1]],position:  1,signal:    -1,,,2021-01-26 09:15:01.086518,===,,Going SHORT,,,[],,,,****END OF CYCLE****,,,2021-01-26 09:30:02.322615,===,NUMBER OF TICKS: 94974 |NUMBER OF BARS: 24,===,MOST RECENT DATA
                          Mid   Returns  Direction
time                                              
2021-01-26 08:45:00  31835.68  0.003683          1
2021-01-26 09:00:00  31911.00  0.002363          1
2021-01-26 09:15:00  31841.21 -0.002189         -1
2021-01-26 09:30:00  31604.53 -0.007461         -1
2021-01-26 09:45:00  31599.55 -0.000158         -1,===,
features: [[ 1  1  1 -1 -1]],position:  -1,signal:    1,,,2021-01-26 09:30:02.535575,===,,Going LONG,,,[],,,,****END OF CYCLE****,,,2021-01-26 09:45:01.673126,===,NUMBER OF TICKS: 96958 |NUMBER OF BARS: 25,===,MOST RECENT DATA
                          Mid   Returns  Direction
time                                              
2021-01-26 09:00:00  31911.00  0.002363          1
2021-01-26 09:15:00  31841.21 -0.002189         -1
2021-01-26 09:30:00  31604.53 -0.007461         -1
2021-01-26 09:45:00  31684.84  0.002538          1
2021-01-26 10:00:00  31678.53 -0.000199         -1,===,
features: [[ 1  1 -1 -1  1]],position:  1,signal:    1,,,2021-01-26 09:45:01.687299,===,no trade placed,,,****END OF CYCLE****,,,2021-01-26 10:00:01.437055,===,NUMBER OF TICKS: 98893 |NUMBER OF BARS: 26,===,MOST RECENT DATA
                          Mid   Returns  Direction
time                                              
2021-01-26 09:15:00  31841.21 -0.002189         -1
2021-01-26 09:30:00  31604.53 -0.007461         -1
2021-01-26 09:45:00  31684.84  0.002538          1
2021-01-26 10:00:00  31829.38  0.004551          1
2021-01-26 10:15:00  31827.97 -0.000044         -1,===,
features: [[ 1 -1 -1  1  1]],position:  1,signal:    1,,,2021-01-26 10:00:01.448824,===,no trade placed,,,****END OF CYCLE****,,,2021-01-26 10:15:02.955538,===,NUMBER OF TICKS: 100793 |NUMBER OF BARS: 27,===,MOST RECENT DATA
                          Mid   Returns  Direction
time                                              
2021-01-26 09:30:00  31604.53 -0.007461         -1
2021-01-26 09:45:00  31684.84  0.002538          1
2021-01-26 10:00:00  31829.38  0.004551          1
2021-01-26 10:15:00  32104.60  0.008610          1
2021-01-26 10:30:00  32101.93 -0.000083         -1,===,
features: [[-1 -1  1  1  1]],position:  1,signal:    -1,,,2021-01-26 10:15:03.159122,===,,Going SHORT,,,[],,,,****END OF CYCLE****,,,2021-01-26 10:30:04.187280,===,NUMBER OF TICKS: 102423 |NUMBER OF BARS: 28,===,MOST RECENT DATA
                          Mid   Returns  Direction
time                                              
2021-01-26 09:45:00  31684.84  0.002538          1
2021-01-26 10:00:00  31829.38  0.004551          1
2021-01-26 10:15:00  32104.60  0.008610          1
2021-01-26 10:30:00  32334.03  0.007121          1
2021-01-26 10:45:00  32336.73  0.000083          1,===,
features: [[-1  1  1  1  1]],position:  -1,signal:    -1,,,2021-01-26 10:30:04.203104,===,no trade placed,,,****END OF CYCLE****,,,2021-01-26 10:45:00.836204,===,NUMBER OF TICKS: 104229 |NUMBER OF BARS: 29,===,MOST RECENT DATA
                          Mid   Returns  Direction
time                                              
2021-01-26 10:00:00  31829.38  0.004551          1
2021-01-26 10:15:00  32104.60  0.008610          1
2021-01-26 10:30:00  32334.03  0.007121          1
2021-01-26 10:45:00  32303.08 -0.000958         -1
2021-01-26 11:00:00  32299.07 -0.000124         -1,===,
features: [[ 1  1  1  1 -1]],position:  -1,signal:    1,,,2021-01-26 10:45:01.019138,===,,Going LONG,,,[],,,,****END OF CYCLE****,,,2021-01-26 11:00:01.098743,===,NUMBER OF TICKS: 105984 |NUMBER OF BARS: 30,===,MOST RECENT DATA
                          Mid   Returns  Direction
time                                              
2021-01-26 10:15:00  32104.60  0.008610          1
2021-01-26 10:30:00  32334.03  0.007121          1
2021-01-26 10:45:00  32303.08 -0.000958         -1
2021-01-26 11:00:00  32258.72 -0.001374         -1
2021-01-26 11:15:00  32257.81 -0.000028         -1,===,
features: [[ 1  1  1 -1 -1]],position:  1,signal:    1,,,2021-01-26 11:00:01.111602,===,no trade placed,,,****END OF CYCLE****,,,2021-01-26 11:15:01.217252,===,NUMBER OF TICKS: 107785 |NUMBER OF BARS: 31,===,MOST RECENT DATA
                          Mid   Returns  Direction
time                                              
2021-01-26 10:30:00  32334.03  0.007121          1
2021-01-26 10:45:00  32303.08 -0.000958         -1
2021-01-26 11:00:00  32258.72 -0.001374         -1
2021-01-26 11:15:00  32157.22 -0.003151         -1
2021-01-26 11:30:00  32159.16  0.000060          1,===,
features: [[ 1  1 -1 -1 -1]],position:  1,signal:    1,,,2021-01-26 11:15:01.227973,===,no trade placed,,,****END OF CYCLE****,,,2021-01-26 11:30:02.397904,===,NUMBER OF TICKS: 109540 |NUMBER OF BARS: 32,===,MOST RECENT DATA
                          Mid   Returns  Direction
time                                              
2021-01-26 10:45:00  32303.08 -0.000958         -1
2021-01-26 11:00:00  32258.72 -0.001374         -1
2021-01-26 11:15:00  32157.22 -0.003151         -1
2021-01-26 11:30:00  31990.60 -0.005195         -1
2021-01-26 11:45:00  31990.42 -0.000006         -1,===,
features: [[ 1 -1 -1 -1 -1]],position:  1,signal:    1,,,2021-01-26 11:30:02.411949,===,no trade placed,,,****END OF CYCLE****,,,2021-01-26 11:45:05.103139,===,NUMBER OF TICKS: 111284 |NUMBER OF BARS: 33,===,MOST RECENT DATA
                          Mid   Returns  Direction
time                                              
2021-01-26 11:00:00  32258.72 -0.001374         -1
2021-01-26 11:15:00  32157.22 -0.003151         -1
2021-01-26 11:30:00  31990.60 -0.005195         -1
2021-01-26 11:45:00  32062.49  0.002245          1
2021-01-26 12:00:00  32064.38  0.000059          1,===,
features: [[-1 -1 -1 -1  1]],position:  1,signal:    -1,,,2021-01-26 11:45:05.311566,===,,Going SHORT,,,[],,,,****END OF CYCLE****,,,2021-01-26 12:00:00.705043,===,NUMBER OF TICKS: 112912 |NUMBER OF BARS: 34,===,MOST RECENT DATA
                          Mid       Returns  Direction
time                                                  
2021-01-26 11:15:00  32157.22 -3.151397e-03         -1
2021-01-26 11:30:00  31990.60 -5.194888e-03         -1
2021-01-26 11:45:00  32062.49  2.244701e-03          1
2021-01-26 12:00:00  31825.44 -7.420841e-03         -1
2021-01-26 12:15:00  31825.45  3.142140e-07          1,===,
features: [[-1 -1 -1  1 -1]],position:  -1,signal:    -1,,,2021-01-26 12:00:00.713810,===,no trade placed,,,****END OF CYCLE****,,,2021-01-26 12:15:02.681162,===,NUMBER OF TICKS: 114574 |NUMBER OF BARS: 35,===,MOST RECENT DATA
                          Mid       Returns  Direction
time                                                  
2021-01-26 11:30:00  31990.60 -5.194888e-03         -1
2021-01-26 11:45:00  32062.49  2.244701e-03          1
2021-01-26 12:00:00  31825.44 -7.420841e-03         -1
2021-01-26 12:15:00  31860.80  1.110444e-03          1
2021-01-26 12:30:00  31860.77 -9.415964e-07         -1,===,
features: [[-1 -1  1 -1  1]],position:  -1,signal:    -1,,,2021-01-26 12:15:02.690604,===,no trade placed,,,****END OF CYCLE****,,,2021-01-26 12:30:01.445106,===,NUMBER OF TICKS: 116153 |NUMBER OF BARS: 36,===,MOST RECENT DATA
                          Mid   Returns  Direction
time                                              
2021-01-26 11:45:00  32062.49  0.002245          1
2021-01-26 12:00:00  31825.44 -0.007421         -1
2021-01-26 12:15:00  31860.80  0.001110          1
2021-01-26 12:30:00  31631.89 -0.007211         -1
2021-01-26 12:45:00  31624.42 -0.000236         -1,===,
features: [[-1  1 -1  1 -1]],position:  -1,signal:    -1,,,2021-01-26 12:30:01.454325,===,no trade placed,,,****END OF CYCLE****,,,2021-01-26 12:45:01.494774,===,NUMBER OF TICKS: 117650 |NUMBER OF BARS: 37,===,MOST RECENT DATA
                          Mid   Returns  Direction
time                                              
2021-01-26 12:00:00  31825.44 -0.007421         -1
2021-01-26 12:15:00  31860.80  0.001110          1
2021-01-26 12:30:00  31631.89 -0.007211         -1
2021-01-26 12:45:00  31637.92  0.000191          1
2021-01-26 13:00:00  31634.75 -0.000100         -1,===,
features: [[ 1 -1  1 -1  1]],position:  -1,signal:    1,,,2021-01-26 12:45:01.724575,===,,Going LONG,,,[],,,,****END OF CYCLE****,,,2021-01-26 13:00:01.124852,===,NUMBER OF TICKS: 119154 |NUMBER OF BARS: 38,===,MOST RECENT DATA
                          Mid   Returns  Direction
time                                              
2021-01-26 12:15:00  31860.80  0.001110          1
2021-01-26 12:30:00  31631.89 -0.007211         -1
2021-01-26 12:45:00  31637.92  0.000191          1
2021-01-26 13:00:00  31332.77 -0.009692         -1
2021-01-26 13:15:00  31323.55 -0.000294         -1,===,
features: [[-1  1 -1  1 -1]],position:  1,signal:    -1,,,2021-01-26 13:00:01.314466,===,,Going SHORT,,,[],,,,****END OF CYCLE****,,,2021-01-26 13:15:01.488662,===,NUMBER OF TICKS: 120637 |NUMBER OF BARS: 39,===,MOST RECENT DATA
                          Mid   Returns  Direction
time                                              
2021-01-26 12:30:00  31631.89 -0.007211         -1
2021-01-26 12:45:00  31637.92  0.000191          1
2021-01-26 13:00:00  31332.77 -0.009692         -1
2021-01-26 13:15:00  31534.10  0.006405          1
2021-01-26 13:30:00  31525.31 -0.000279         -1,===,
features: [[ 1 -1  1 -1  1]],position:  -1,signal:    1,,,2021-01-26 13:15:01.943005,===,,Going LONG,,,[],,,,****END OF CYCLE****,,,2021-01-26 13:30:01.324770,===,NUMBER OF TICKS: 122133 |NUMBER OF BARS: 40,===,MOST RECENT DATA
                          Mid   Returns  Direction
time                                              
2021-01-26 12:45:00  31637.92  0.000191          1
2021-01-26 13:00:00  31332.77 -0.009692         -1
2021-01-26 13:15:00  31534.10  0.006405          1
2021-01-26 13:30:00  31461.30 -0.002311         -1
2021-01-26 13:45:00  31460.65 -0.000021         -1,===,
features: [[-1  1 -1  1 -1]],position:  1,signal:    -1,,,2021-01-26 13:30:01.557321,===,,Going SHORT,,,[],,,,****END OF CYCLE****,,,2021-01-26 13:45:01.751892,===,NUMBER OF TICKS: 123599 |NUMBER OF BARS: 41,===,MOST RECENT DATA
                          Mid   Returns  Direction
time                                              
2021-01-26 13:00:00  31332.77 -0.009692         -1
2021-01-26 13:15:00  31534.10  0.006405          1
2021-01-26 13:30:00  31461.30 -0.002311         -1
2021-01-26 13:45:00  31584.74  0.003916          1
2021-01-26 14:00:00  31589.25  0.000143          1,===,
features: [[ 1 -1  1 -1  1]],position:  -1,signal:    1,,,2021-01-26 13:45:02.088623,===,,Going LONG,,,[],,,,****END OF CYCLE****,,,2021-01-26 14:00:01.425404,===,NUMBER OF TICKS: 125022 |NUMBER OF BARS: 42,===,MOST RECENT DATA
                          Mid   Returns  Direction
time                                              
2021-01-26 13:15:00  31534.10  0.006405          1
2021-01-26 13:30:00  31461.30 -0.002311         -1
2021-01-26 13:45:00  31584.74  0.003916          1
2021-01-26 14:00:00  31752.70  0.005304          1
2021-01-26 14:15:00  31759.63  0.000218          1,===,
features: [[-1  1 -1  1  1]],position:  1,signal:    -1,,,2021-01-26 14:00:01.812490,===,,Going SHORT,,,[],,,,****END OF CYCLE****,,,2021-01-26 14:15:02.139392,===,NUMBER OF TICKS: 126418 |NUMBER OF BARS: 43,===,MOST RECENT DATA
                          Mid   Returns  Direction
time                                              
2021-01-26 13:30:00  31461.30 -0.002311         -1
2021-01-26 13:45:00  31584.74  0.003916          1
2021-01-26 14:00:00  31752.70  0.005304          1
2021-01-26 14:15:00  31592.10 -0.005071         -1
2021-01-26 14:30:00  31596.53  0.000140          1,===,
features: [[ 1 -1  1  1 -1]],position:  -1,signal:    1,,,2021-01-26 14:15:02.624862,===,,Going LONG,,,[],,,,****END OF CYCLE****,,,2021-01-26 14:30:01.136020,===,NUMBER OF TICKS: 127823 |NUMBER OF BARS: 44,===,MOST RECENT DATA
                          Mid       Returns  Direction
time                                                  
2021-01-26 13:45:00  31584.74  3.915873e-03          1
2021-01-26 14:00:00  31752.70  5.303669e-03          1
2021-01-26 14:15:00  31592.10 -5.070672e-03         -1
2021-01-26 14:30:00  31474.51 -3.729077e-03         -1
2021-01-26 14:45:00  31474.50 -3.177175e-07         -1,===,
features: [[-1  1  1 -1 -1]],position:  1,signal:    -1,,,2021-01-26 14:30:01.360178,===,,Going SHORT,,,[],,,,****END OF CYCLE****,,